2018-05-12 10:15:44,223 [Worker-3] INFO  c.g.t.t.d.PublishedGradleVersions - Gradle version information cache is up-to-date. Trying to read.
2018-05-12 22:02:45,727 [Worker-0] INFO  c.g.t.t.d.PublishedGradleVersions - Gradle version information cache is out-of-date. Trying to update.
2018-05-12 22:02:47,319 [Worker-0] INFO  c.g.t.t.d.PublishedGradleVersions - Updating Gradle version information cache failed. Using outdated cache.
2018-05-12 22:13:40,864 [Worker-11] INFO  o.e.m.c.i.p.ProjectConfigurationManager - Collecting project info '/pom.xml' E:\java\eclipse\MavenDemo\Demo1\pom.xml
2018-05-12 22:13:45,077 [Worker-11] INFO  o.e.m.c.i.l.LifecycleMappingFactory - Using org.maven.ide.eclipse.wtp.WarLifecycleMapping lifecycle mapping for MavenProject: Demo:Demo1:0.0.1-SNAPSHOT @ E:\java\eclipse\MavenDemo\Demo1\pom.xml.
2018-05-12 22:13:47,446 [Worker-11] INFO  o.e.m.j.i.AbstractJavaProjectConfigurator - Adding source folder /Demo1/src/main/java
2018-05-12 22:13:47,447 [Worker-11] INFO  o.e.m.j.i.AbstractJavaProjectConfigurator - Adding resource folder /Demo1/src/main/resources
2018-05-12 22:13:47,448 [Worker-11] INFO  o.e.m.j.i.AbstractJavaProjectConfigurator - Adding source folder /Demo1/src/test/java
2018-05-12 22:13:50,043 [Worker-11] ERROR o.e.m.w.jsf.internal.utils.JSFUtils - An error occurred trying to find javax.faces.webapp.FacesServlet :
java.net.UnknownHostException: java.sun.com
	at java.net.AbstractPlainSocketImpl.connect(Unknown Source) ~[na:1.8.0_151]
	at java.net.PlainSocketImpl.connect(Unknown Source) ~[na:1.8.0_151]
	at java.net.SocksSocketImpl.connect(Unknown Source) ~[na:1.8.0_151]
	at java.net.Socket.connect(Unknown Source) ~[na:1.8.0_151]
	at java.net.Socket.connect(Unknown Source) ~[na:1.8.0_151]
	at sun.net.NetworkClient.doConnect(Unknown Source) ~[na:1.8.0_151]
	at sun.net.www.http.HttpClient.openServer(Unknown Source) ~[na:1.8.0_151]
	at sun.net.www.http.HttpClient.openServer(Unknown Source) ~[na:1.8.0_151]
	at sun.net.www.http.HttpClient.<init>(Unknown Source) ~[na:1.8.0_151]
	at sun.net.www.http.HttpClient.New(Unknown Source) ~[na:1.8.0_151]
	at sun.net.www.http.HttpClient.New(Unknown Source) ~[na:1.8.0_151]
	at sun.net.www.protocol.http.HttpURLConnection.getNewHttpClient(Unknown Source) ~[na:1.8.0_151]
	at sun.net.www.protocol.http.HttpURLConnection.plainConnect0(Unknown Source) ~[na:1.8.0_151]
	at sun.net.www.protocol.http.HttpURLConnection.plainConnect(Unknown Source) ~[na:1.8.0_151]
	at sun.net.www.protocol.http.HttpURLConnection.connect(Unknown Source) ~[na:1.8.0_151]
	at sun.net.www.protocol.http.HttpURLConnection.getInputStream0(Unknown Source) ~[na:1.8.0_151]
	at sun.net.www.protocol.http.HttpURLConnection.getInputStream(Unknown Source) ~[na:1.8.0_151]
	at com.sun.org.apache.xerces.internal.impl.XMLEntityManager.setupCurrentEntity(Unknown Source) ~[na:1.8.0_151]
	at com.sun.org.apache.xerces.internal.impl.XMLEntityManager.startEntity(Unknown Source) ~[na:1.8.0_151]
	at com.sun.org.apache.xerces.internal.impl.XMLEntityManager.startDTDEntity(Unknown Source) ~[na:1.8.0_151]
	at com.sun.org.apache.xerces.internal.impl.XMLDTDScannerImpl.setInputSource(Unknown Source) ~[na:1.8.0_151]
	at com.sun.org.apache.xerces.internal.impl.XMLDocumentScannerImpl$DTDDriver.dispatch(Unknown Source) ~[na:1.8.0_151]
	at com.sun.org.apache.xerces.internal.impl.XMLDocumentScannerImpl$DTDDriver.next(Unknown Source) ~[na:1.8.0_151]
	at com.sun.org.apache.xerces.internal.impl.XMLDocumentScannerImpl$PrologDriver.next(Unknown Source) ~[na:1.8.0_151]
	at com.sun.org.apache.xerces.internal.impl.XMLDocumentScannerImpl.next(Unknown Source) ~[na:1.8.0_151]
	at com.sun.org.apache.xerces.internal.impl.XMLDocumentFragmentScannerImpl.scanDocument(Unknown Source) ~[na:1.8.0_151]
	at com.sun.org.apache.xerces.internal.parsers.XML11Configuration.parse(Unknown Source) ~[na:1.8.0_151]
	at com.sun.org.apache.xerces.internal.parsers.XML11Configuration.parse(Unknown Source) ~[na:1.8.0_151]
	at com.sun.org.apache.xerces.internal.parsers.XMLParser.parse(Unknown Source) ~[na:1.8.0_151]
	at com.sun.org.apache.xerces.internal.parsers.DOMParser.parse(Unknown Source) ~[na:1.8.0_151]
	at com.sun.org.apache.xerces.internal.jaxp.DocumentBuilderImpl.parse(Unknown Source) ~[na:1.8.0_151]
	at javax.xml.parsers.DocumentBuilder.parse(Unknown Source) ~[na:1.8.0_151]
	at org.eclipse.m2e.wtp.jsf.internal.utils.JSFUtils.hasFacesServlet(JSFUtils.java:139) [org.eclipse.m2e.wtp.jsf_1.3.2.20170517-2015.jar:na]
	at org.eclipse.m2e.wtp.jsf.internal.utils.JSFUtils.hasFacesServlet(JSFUtils.java:115) [org.eclipse.m2e.wtp.jsf_1.3.2.20170517-2015.jar:na]
	at org.eclipse.m2e.wtp.jsf.internal.configurators.WebXmlJSFFacetDetector.hasFacesServletInWebXml(WebXmlJSFFacetDetector.java:80) [org.eclipse.m2e.wtp.jsf_1.3.2.20170517-2015.jar:na]
	at org.eclipse.m2e.wtp.jsf.internal.configurators.WebXmlJSFFacetDetector.findFacetVersion(WebXmlJSFFacetDetector.java:55) [org.eclipse.m2e.wtp.jsf_1.3.2.20170517-2015.jar:na]
	at org.eclipse.m2e.wtp.facets.FacetDetectorManager.findFacetVersion(FacetDetectorManager.java:91) [org.eclipse.m2e.wtp_1.3.2.20170517-2015.jar:na]
	at org.eclipse.m2e.wtp.facets.FacetDetectorManager.findFacetVersion(FacetDetectorManager.java:61) [org.eclipse.m2e.wtp_1.3.2.20170517-2015.jar:na]
	at org.eclipse.m2e.wtp.jsf.internal.configurators.JSFProjectConfigurator.configureInternal(JSFProjectConfigurator.java:93) [org.eclipse.m2e.wtp.jsf_1.3.2.20170517-2015.jar:na]
	at org.eclipse.m2e.wtp.jsf.internal.configurators.JSFProjectConfigurator.configure(JSFProjectConfigurator.java:68) [org.eclipse.m2e.wtp.jsf_1.3.2.20170517-2015.jar:na]
	at org.eclipse.m2e.core.project.configurator.AbstractLifecycleMapping.configure(AbstractLifecycleMapping.java:120) [org.eclipse.m2e.core_1.8.0.20170516-2043.jar:na]
	at org.eclipse.m2e.core.internal.project.ProjectConfigurationManager$3.call(ProjectConfigurationManager.java:508) [org.eclipse.m2e.core_1.8.0.20170516-2043.jar:na]
	at org.eclipse.m2e.core.internal.project.ProjectConfigurationManager$3.call(ProjectConfigurationManager.java:1) [org.eclipse.m2e.core_1.8.0.20170516-2043.jar:na]
	at org.eclipse.m2e.core.internal.embedder.MavenExecutionContext.executeBare(MavenExecutionContext.java:177) [org.eclipse.m2e.core_1.8.0.20170516-2043.jar:na]
	at org.eclipse.m2e.core.internal.embedder.MavenExecutionContext.execute(MavenExecutionContext.java:151) [org.eclipse.m2e.core_1.8.0.20170516-2043.jar:na]
	at org.eclipse.m2e.core.internal.project.ProjectConfigurationManager.updateProjectConfiguration(ProjectConfigurationManager.java:501) [org.eclipse.m2e.core_1.8.0.20170516-2043.jar:na]
	at org.eclipse.m2e.core.internal.project.ProjectConfigurationManager.configureNewMavenProjects(ProjectConfigurationManager.java:288) [org.eclipse.m2e.core_1.8.0.20170516-2043.jar:na]
	at org.eclipse.m2e.core.internal.project.ProjectConfigurationManager$1.call(ProjectConfigurationManager.java:175) [org.eclipse.m2e.core_1.8.0.20170516-2043.jar:na]
	at org.eclipse.m2e.core.internal.project.ProjectConfigurationManager$1.call(ProjectConfigurationManager.java:1) [org.eclipse.m2e.core_1.8.0.20170516-2043.jar:na]
	at org.eclipse.m2e.core.internal.embedder.MavenExecutionContext.executeBare(MavenExecutionContext.java:177) [org.eclipse.m2e.core_1.8.0.20170516-2043.jar:na]
	at org.eclipse.m2e.core.internal.embedder.MavenExecutionContext.execute(MavenExecutionContext.java:112) [org.eclipse.m2e.core_1.8.0.20170516-2043.jar:na]
	at org.eclipse.m2e.core.internal.embedder.MavenExecutionContext.execute(MavenExecutionContext.java:99) [org.eclipse.m2e.core_1.8.0.20170516-2043.jar:na]
	at org.eclipse.m2e.core.internal.embedder.MavenImpl.execute(MavenImpl.java:1355) [org.eclipse.m2e.core_1.8.0.20170516-2043.jar:na]
	at org.eclipse.m2e.core.internal.project.ProjectConfigurationManager.importProjects(ProjectConfigurationManager.java:143) [org.eclipse.m2e.core_1.8.0.20170516-2043.jar:na]
	at org.eclipse.m2e.core.internal.project.ProjectConfigurationManager.createArchetypeProjects0(ProjectConfigurationManager.java:862) [org.eclipse.m2e.core_1.8.0.20170516-2043.jar:na]
	at org.eclipse.m2e.core.internal.project.ProjectConfigurationManager$5.call(ProjectConfigurationManager.java:791) [org.eclipse.m2e.core_1.8.0.20170516-2043.jar:na]
	at org.eclipse.m2e.core.internal.project.ProjectConfigurationManager$5.call(ProjectConfigurationManager.java:1) [org.eclipse.m2e.core_1.8.0.20170516-2043.jar:na]
	at org.eclipse.m2e.core.internal.embedder.MavenExecutionContext.executeBare(MavenExecutionContext.java:177) [org.eclipse.m2e.core_1.8.0.20170516-2043.jar:na]
	at org.eclipse.m2e.core.internal.embedder.MavenExecutionContext.execute(MavenExecutionContext.java:151) [org.eclipse.m2e.core_1.8.0.20170516-2043.jar:na]
	at org.eclipse.m2e.core.internal.embedder.MavenExecutionContext.execute(MavenExecutionContext.java:99) [org.eclipse.m2e.core_1.8.0.20170516-2043.jar:na]
	at org.eclipse.m2e.core.internal.embedder.MavenImpl.execute(MavenImpl.java:1355) [org.eclipse.m2e.core_1.8.0.20170516-2043.jar:na]
	at org.eclipse.m2e.core.internal.project.ProjectConfigurationManager.createArchetypeProjects(ProjectConfigurationManager.java:789) [org.eclipse.m2e.core_1.8.0.20170516-2043.jar:na]
	at org.eclipse.m2e.core.ui.internal.wizards.MavenProjectWizard$5.doCreateMavenProjects(MavenProjectWizard.java:241) [org.eclipse.m2e.core.ui_1.8.0.20170516-2043.jar:na]
	at org.eclipse.m2e.core.ui.internal.wizards.AbstractCreateMavenProjectJob$1.doCreateMavenProjects(AbstractCreateMavenProjectJob.java:63) [org.eclipse.m2e.core.ui_1.8.0.20170516-2043.jar:na]
	at org.eclipse.m2e.core.ui.internal.wizards.AbstractCreateMavenProjectsOperation.run(AbstractCreateMavenProjectsOperation.java:73) [org.eclipse.m2e.core.ui_1.8.0.20170516-2043.jar:na]
	at org.eclipse.m2e.core.ui.internal.wizards.AbstractCreateMavenProjectJob.runInWorkspace(AbstractCreateMavenProjectJob.java:67) [org.eclipse.m2e.core.ui_1.8.0.20170516-2043.jar:na]
	at org.eclipse.core.internal.resources.InternalWorkspaceJob.run(InternalWorkspaceJob.java:39) [org.eclipse.core.resources_3.12.0.v20170417-1558.jar:na]
	at org.eclipse.core.internal.jobs.Worker.run(Worker.java:56) [org.eclipse.core.jobs_3.9.0.v20170322-0013.jar:na]
2018-05-12 22:13:50,358 [Worker-11] INFO  o.e.m.c.i.p.ProjectConfigurationManager - Imported and configured 1 project(s) in 9 sec
2018-05-12 22:13:51,984 [Worker-19] WARN  o.e.m.c.i.embedder.EclipseLogger - Using platform encoding (GBK actually) to copy filtered resources, i.e. build is platform dependent!
2018-05-12 22:13:51,989 [Worker-19] INFO  o.e.m.c.i.embedder.EclipseLogger - Copying 0 resource
2018-05-12 22:13:51,994 [Worker-19] WARN  o.e.m.c.i.embedder.EclipseLogger - Using platform encoding (GBK actually) to copy filtered resources, i.e. build is platform dependent!
2018-05-12 22:13:51,996 [Worker-19] INFO  o.e.m.c.i.embedder.EclipseLogger - skip non existing resourceDirectory E:\java\eclipse\MavenDemo\Demo1\src\test\resources
2018-05-12 22:13:57,218 [Worker-22] WARN  o.e.m.c.i.embedder.EclipseLogger - Using platform encoding (GBK actually) to copy filtered resources, i.e. build is platform dependent!
2018-05-12 22:13:57,224 [Worker-22] INFO  o.e.m.c.i.embedder.EclipseLogger - Copying 0 resource
2018-05-12 22:13:57,226 [Worker-22] WARN  o.e.m.c.i.embedder.EclipseLogger - Using platform encoding (GBK actually) to copy filtered resources, i.e. build is platform dependent!
2018-05-12 22:13:57,230 [Worker-22] INFO  o.e.m.c.i.embedder.EclipseLogger - skip non existing resourceDirectory E:\java\eclipse\MavenDemo\Demo1\src\test\resources
2018-05-12 22:15:54,696 [Worker-32] WARN  o.e.m.c.i.embedder.EclipseLogger - Using platform encoding (GBK actually) to copy filtered resources, i.e. build is platform dependent!
2018-05-12 22:15:54,698 [Worker-32] INFO  o.e.m.c.i.embedder.EclipseLogger - Copying 0 resource
2018-05-12 22:15:54,701 [Worker-32] WARN  o.e.m.c.i.embedder.EclipseLogger - Using platform encoding (GBK actually) to copy filtered resources, i.e. build is platform dependent!
2018-05-12 22:15:54,702 [Worker-32] INFO  o.e.m.c.i.embedder.EclipseLogger - skip non existing resourceDirectory E:\java\eclipse\MavenDemo\Demo1\src\test\resources
2018-05-12 22:16:38,665 [Worker-32] INFO  o.e.m.c.i.p.ProjectConfigurationManager - Collecting project info '/pom.xml' E:\java\eclipse\MavenDemo\aaa\pom.xml
2018-05-12 22:16:38,815 [Worker-32] INFO  o.e.m.c.i.l.LifecycleMappingFactory - Using org.eclipse.m2e.jdt.JarLifecycleMapping lifecycle mapping for MavenProject: Demo:aaa:0.0.1-SNAPSHOT @ E:\java\eclipse\MavenDemo\aaa\pom.xml.
2018-05-12 22:16:39,523 [Worker-32] INFO  o.e.m.j.i.AbstractJavaProjectConfigurator - Adding source folder /aaa/src/main/java
2018-05-12 22:16:39,533 [Worker-32] INFO  o.e.m.j.i.AbstractJavaProjectConfigurator - Adding source folder /aaa/src/test/java
2018-05-12 22:16:39,657 [Worker-32] INFO  o.e.m.c.i.p.ProjectConfigurationManager - Imported and configured 1 project(s) in 0 sec
2018-05-12 22:16:40,064 [Worker-32] INFO  o.e.m.c.i.embedder.EclipseLogger - Using 'UTF-8' encoding to copy filtered resources.
2018-05-12 22:16:40,065 [Worker-32] INFO  o.e.m.c.i.embedder.EclipseLogger - skip non existing resourceDirectory E:\java\eclipse\MavenDemo\aaa\src\main\resources
2018-05-12 22:16:40,069 [Worker-32] INFO  o.e.m.c.i.embedder.EclipseLogger - Using 'UTF-8' encoding to copy filtered resources.
2018-05-12 22:16:40,069 [Worker-32] INFO  o.e.m.c.i.embedder.EclipseLogger - skip non existing resourceDirectory E:\java\eclipse\MavenDemo\aaa\src\test\resources
2018-05-12 23:25:59,233 [Worker-39] INFO  o.e.m.c.i.l.LifecycleMappingFactory - Using org.eclipse.m2e.jdt.JarLifecycleMapping lifecycle mapping for MavenProject: com.dsir:hello:0.0.1-SNAPSHOT @ E:\java\eclipse\MavenDemo\hello\pom.xml.
2018-05-12 23:26:00,353 [Worker-39] INFO  o.e.m.j.i.AbstractJavaProjectConfigurator - Adding source folder /hello/src/main/java
2018-05-12 23:26:00,353 [Worker-39] INFO  o.e.m.j.i.AbstractJavaProjectConfigurator - Adding resource folder /hello/src/main/resources
2018-05-12 23:26:00,355 [Worker-39] INFO  o.e.m.j.i.AbstractJavaProjectConfigurator - Adding source folder /hello/src/test/java
2018-05-12 23:26:00,356 [Worker-39] INFO  o.e.m.j.i.AbstractJavaProjectConfigurator - Adding resource folder /hello/src/test/resources
2018-05-12 23:26:00,857 [Worker-42] WARN  o.e.m.c.i.embedder.EclipseLogger - Using platform encoding (GBK actually) to copy filtered resources, i.e. build is platform dependent!
2018-05-12 23:26:00,861 [Worker-42] INFO  o.e.m.c.i.embedder.EclipseLogger - Copying 0 resource
2018-05-12 23:26:00,865 [Worker-42] WARN  o.e.m.c.i.embedder.EclipseLogger - Using platform encoding (GBK actually) to copy filtered resources, i.e. build is platform dependent!
2018-05-12 23:26:00,868 [Worker-42] INFO  o.e.m.c.i.embedder.EclipseLogger - Copying 0 resource
2018-05-12 23:29:29,336 [Worker-41] INFO  o.e.m.c.i.p.ProjectConfigurationManager - Collecting project info '/pom.xml' E:\java\eclipse\MavenDemo\aa\pom.xml
2018-05-12 23:29:29,898 [Worker-41] INFO  o.e.m.c.i.l.LifecycleMappingFactory - Using org.maven.ide.eclipse.wtp.WarLifecycleMapping lifecycle mapping for MavenProject: aa:aa:0.0.1-SNAPSHOT @ E:\java\eclipse\MavenDemo\aa\pom.xml.
2018-05-12 23:29:30,840 [Worker-41] INFO  o.e.m.j.i.AbstractJavaProjectConfigurator - Adding source folder /aa/src/main/java
2018-05-12 23:29:30,841 [Worker-41] INFO  o.e.m.j.i.AbstractJavaProjectConfigurator - Adding resource folder /aa/src/main/resources
2018-05-12 23:29:30,841 [Worker-41] INFO  o.e.m.j.i.AbstractJavaProjectConfigurator - Adding source folder /aa/src/test/java
2018-05-12 23:29:31,521 [Worker-41] ERROR o.e.m.w.jsf.internal.utils.JSFUtils - An error occurred trying to find javax.faces.webapp.FacesServlet :
org.xml.sax.SAXParseException: 文档类型声明包含或指向的标记声明必须格式正确。
	at com.sun.org.apache.xerces.internal.parsers.DOMParser.parse(Unknown Source) ~[na:1.8.0_151]
	at com.sun.org.apache.xerces.internal.jaxp.DocumentBuilderImpl.parse(Unknown Source) ~[na:1.8.0_151]
	at javax.xml.parsers.DocumentBuilder.parse(Unknown Source) ~[na:1.8.0_151]
	at org.eclipse.m2e.wtp.jsf.internal.utils.JSFUtils.hasFacesServlet(JSFUtils.java:139) [org.eclipse.m2e.wtp.jsf_1.3.2.20170517-2015.jar:na]
	at org.eclipse.m2e.wtp.jsf.internal.utils.JSFUtils.hasFacesServlet(JSFUtils.java:115) [org.eclipse.m2e.wtp.jsf_1.3.2.20170517-2015.jar:na]
	at org.eclipse.m2e.wtp.jsf.internal.configurators.WebXmlJSFFacetDetector.hasFacesServletInWebXml(WebXmlJSFFacetDetector.java:80) [org.eclipse.m2e.wtp.jsf_1.3.2.20170517-2015.jar:na]
	at org.eclipse.m2e.wtp.jsf.internal.configurators.WebXmlJSFFacetDetector.findFacetVersion(WebXmlJSFFacetDetector.java:55) [org.eclipse.m2e.wtp.jsf_1.3.2.20170517-2015.jar:na]
	at org.eclipse.m2e.wtp.facets.FacetDetectorManager.findFacetVersion(FacetDetectorManager.java:91) [org.eclipse.m2e.wtp_1.3.2.20170517-2015.jar:na]
	at org.eclipse.m2e.wtp.facets.FacetDetectorManager.findFacetVersion(FacetDetectorManager.java:61) [org.eclipse.m2e.wtp_1.3.2.20170517-2015.jar:na]
	at org.eclipse.m2e.wtp.jsf.internal.configurators.JSFProjectConfigurator.configureInternal(JSFProjectConfigurator.java:93) [org.eclipse.m2e.wtp.jsf_1.3.2.20170517-2015.jar:na]
	at org.eclipse.m2e.wtp.jsf.internal.configurators.JSFProjectConfigurator.configure(JSFProjectConfigurator.java:68) [org.eclipse.m2e.wtp.jsf_1.3.2.20170517-2015.jar:na]
	at org.eclipse.m2e.core.project.configurator.AbstractLifecycleMapping.configure(AbstractLifecycleMapping.java:120) [org.eclipse.m2e.core_1.8.0.20170516-2043.jar:na]
	at org.eclipse.m2e.core.internal.project.ProjectConfigurationManager$3.call(ProjectConfigurationManager.java:508) [org.eclipse.m2e.core_1.8.0.20170516-2043.jar:na]
	at org.eclipse.m2e.core.internal.project.ProjectConfigurationManager$3.call(ProjectConfigurationManager.java:1) [org.eclipse.m2e.core_1.8.0.20170516-2043.jar:na]
	at org.eclipse.m2e.core.internal.embedder.MavenExecutionContext.executeBare(MavenExecutionContext.java:177) [org.eclipse.m2e.core_1.8.0.20170516-2043.jar:na]
	at org.eclipse.m2e.core.internal.embedder.MavenExecutionContext.execute(MavenExecutionContext.java:151) [org.eclipse.m2e.core_1.8.0.20170516-2043.jar:na]
	at org.eclipse.m2e.core.internal.project.ProjectConfigurationManager.updateProjectConfiguration(ProjectConfigurationManager.java:501) [org.eclipse.m2e.core_1.8.0.20170516-2043.jar:na]
	at org.eclipse.m2e.core.internal.project.ProjectConfigurationManager.configureNewMavenProjects(ProjectConfigurationManager.java:288) [org.eclipse.m2e.core_1.8.0.20170516-2043.jar:na]
	at org.eclipse.m2e.core.internal.project.ProjectConfigurationManager$1.call(ProjectConfigurationManager.java:175) [org.eclipse.m2e.core_1.8.0.20170516-2043.jar:na]
	at org.eclipse.m2e.core.internal.project.ProjectConfigurationManager$1.call(ProjectConfigurationManager.java:1) [org.eclipse.m2e.core_1.8.0.20170516-2043.jar:na]
	at org.eclipse.m2e.core.internal.embedder.MavenExecutionContext.executeBare(MavenExecutionContext.java:177) [org.eclipse.m2e.core_1.8.0.20170516-2043.jar:na]
	at org.eclipse.m2e.core.internal.embedder.MavenExecutionContext.execute(MavenExecutionContext.java:112) [org.eclipse.m2e.core_1.8.0.20170516-2043.jar:na]
	at org.eclipse.m2e.core.internal.embedder.MavenExecutionContext.execute(MavenExecutionContext.java:99) [org.eclipse.m2e.core_1.8.0.20170516-2043.jar:na]
	at org.eclipse.m2e.core.internal.embedder.MavenImpl.execute(MavenImpl.java:1355) [org.eclipse.m2e.core_1.8.0.20170516-2043.jar:na]
	at org.eclipse.m2e.core.internal.project.ProjectConfigurationManager.importProjects(ProjectConfigurationManager.java:143) [org.eclipse.m2e.core_1.8.0.20170516-2043.jar:na]
	at org.eclipse.m2e.core.internal.project.ProjectConfigurationManager.createArchetypeProjects0(ProjectConfigurationManager.java:862) [org.eclipse.m2e.core_1.8.0.20170516-2043.jar:na]
	at org.eclipse.m2e.core.internal.project.ProjectConfigurationManager$5.call(ProjectConfigurationManager.java:791) [org.eclipse.m2e.core_1.8.0.20170516-2043.jar:na]
	at org.eclipse.m2e.core.internal.project.ProjectConfigurationManager$5.call(ProjectConfigurationManager.java:1) [org.eclipse.m2e.core_1.8.0.20170516-2043.jar:na]
	at org.eclipse.m2e.core.internal.embedder.MavenExecutionContext.executeBare(MavenExecutionContext.java:177) [org.eclipse.m2e.core_1.8.0.20170516-2043.jar:na]
	at org.eclipse.m2e.core.internal.embedder.MavenExecutionContext.execute(MavenExecutionContext.java:151) [org.eclipse.m2e.core_1.8.0.20170516-2043.jar:na]
	at org.eclipse.m2e.core.internal.embedder.MavenExecutionContext.execute(MavenExecutionContext.java:99) [org.eclipse.m2e.core_1.8.0.20170516-2043.jar:na]
	at org.eclipse.m2e.core.internal.embedder.MavenImpl.execute(MavenImpl.java:1355) [org.eclipse.m2e.core_1.8.0.20170516-2043.jar:na]
	at org.eclipse.m2e.core.internal.project.ProjectConfigurationManager.createArchetypeProjects(ProjectConfigurationManager.java:789) [org.eclipse.m2e.core_1.8.0.20170516-2043.jar:na]
	at org.eclipse.m2e.core.ui.internal.wizards.MavenProjectWizard$5.doCreateMavenProjects(MavenProjectWizard.java:241) [org.eclipse.m2e.core.ui_1.8.0.20170516-2043.jar:na]
	at org.eclipse.m2e.core.ui.internal.wizards.AbstractCreateMavenProjectJob$1.doCreateMavenProjects(AbstractCreateMavenProjectJob.java:63) [org.eclipse.m2e.core.ui_1.8.0.20170516-2043.jar:na]
	at org.eclipse.m2e.core.ui.internal.wizards.AbstractCreateMavenProjectsOperation.run(AbstractCreateMavenProjectsOperation.java:73) [org.eclipse.m2e.core.ui_1.8.0.20170516-2043.jar:na]
	at org.eclipse.m2e.core.ui.internal.wizards.AbstractCreateMavenProjectJob.runInWorkspace(AbstractCreateMavenProjectJob.java:67) [org.eclipse.m2e.core.ui_1.8.0.20170516-2043.jar:na]
	at org.eclipse.core.internal.resources.InternalWorkspaceJob.run(InternalWorkspaceJob.java:39) [org.eclipse.core.resources_3.12.0.v20170417-1558.jar:na]
	at org.eclipse.core.internal.jobs.Worker.run(Worker.java:56) [org.eclipse.core.jobs_3.9.0.v20170322-0013.jar:na]
2018-05-12 23:29:31,598 [Worker-41] INFO  o.e.m.c.i.p.ProjectConfigurationManager - Imported and configured 1 project(s) in 2 sec
2018-05-12 23:29:31,921 [Worker-44] WARN  o.e.m.c.i.embedder.EclipseLogger - Using platform encoding (GBK actually) to copy filtered resources, i.e. build is platform dependent!
2018-05-12 23:29:31,924 [Worker-44] INFO  o.e.m.c.i.embedder.EclipseLogger - Copying 0 resource
2018-05-12 23:29:31,927 [Worker-44] WARN  o.e.m.c.i.embedder.EclipseLogger - Using platform encoding (GBK actually) to copy filtered resources, i.e. build is platform dependent!
2018-05-12 23:29:31,929 [Worker-44] INFO  o.e.m.c.i.embedder.EclipseLogger - skip non existing resourceDirectory E:\java\eclipse\MavenDemo\aa\src\test\resources
2018-05-12 23:29:33,074 [Worker-42] WARN  o.e.m.c.i.embedder.EclipseLogger - Using platform encoding (GBK actually) to copy filtered resources, i.e. build is platform dependent!
2018-05-12 23:29:33,079 [Worker-42] INFO  o.e.m.c.i.embedder.EclipseLogger - Copying 0 resource
2018-05-12 23:29:33,081 [Worker-42] WARN  o.e.m.c.i.embedder.EclipseLogger - Using platform encoding (GBK actually) to copy filtered resources, i.e. build is platform dependent!
2018-05-12 23:29:33,084 [Worker-42] INFO  o.e.m.c.i.embedder.EclipseLogger - skip non existing resourceDirectory E:\java\eclipse\MavenDemo\aa\src\test\resources
2018-05-12 23:30:21,219 [Worker-44] INFO  o.e.m.c.i.l.LifecycleMappingFactory - Using org.eclipse.m2e.jdt.JarLifecycleMapping lifecycle mapping for MavenProject: com.dsir:hello:0.0.1-SNAPSHOT @ E:\java\eclipse\MavenDemo\hello\pom.xml.
2018-05-12 23:30:21,775 [Worker-44] INFO  o.e.m.j.i.AbstractJavaProjectConfigurator - Adding source folder /hello/src/main/java
2018-05-12 23:30:21,776 [Worker-44] INFO  o.e.m.j.i.AbstractJavaProjectConfigurator - Adding resource folder /hello/src/main/resources
2018-05-12 23:30:21,777 [Worker-44] INFO  o.e.m.j.i.AbstractJavaProjectConfigurator - Adding source folder /hello/src/test/java
2018-05-12 23:30:21,777 [Worker-44] INFO  o.e.m.j.i.AbstractJavaProjectConfigurator - Adding resource folder /hello/src/test/resources
2018-05-12 23:30:22,108 [Worker-42] WARN  o.e.m.c.i.embedder.EclipseLogger - Using platform encoding (GBK actually) to copy filtered resources, i.e. build is platform dependent!
2018-05-12 23:30:22,111 [Worker-42] INFO  o.e.m.c.i.embedder.EclipseLogger - Copying 0 resource
2018-05-12 23:30:22,114 [Worker-42] WARN  o.e.m.c.i.embedder.EclipseLogger - Using platform encoding (GBK actually) to copy filtered resources, i.e. build is platform dependent!
2018-05-12 23:30:22,116 [Worker-42] INFO  o.e.m.c.i.embedder.EclipseLogger - Copying 0 resource
2018-05-12 23:31:20,898 [Worker-44] INFO  o.e.m.c.i.l.LifecycleMappingFactory - Using org.maven.ide.eclipse.wtp.WarLifecycleMapping lifecycle mapping for MavenProject: com.dsir:hello:0.0.1-SNAPSHOT @ E:\java\eclipse\MavenDemo\hello\pom.xml.
2018-05-12 23:31:21,602 [Worker-44] INFO  o.e.m.j.i.AbstractJavaProjectConfigurator - Adding source folder /hello/src/main/java
2018-05-12 23:31:21,602 [Worker-44] INFO  o.e.m.j.i.AbstractJavaProjectConfigurator - Adding resource folder /hello/src/main/resources
2018-05-12 23:31:21,603 [Worker-44] INFO  o.e.m.j.i.AbstractJavaProjectConfigurator - Adding source folder /hello/src/test/java
2018-05-12 23:31:21,603 [Worker-44] INFO  o.e.m.j.i.AbstractJavaProjectConfigurator - Adding resource folder /hello/src/test/resources
2018-05-12 23:31:22,865 [Worker-47] WARN  o.e.m.c.i.embedder.EclipseLogger - Using platform encoding (GBK actually) to copy filtered resources, i.e. build is platform dependent!
2018-05-12 23:31:22,868 [Worker-47] INFO  o.e.m.c.i.embedder.EclipseLogger - Copying 0 resource
2018-05-12 23:31:22,871 [Worker-47] WARN  o.e.m.c.i.embedder.EclipseLogger - Using platform encoding (GBK actually) to copy filtered resources, i.e. build is platform dependent!
2018-05-12 23:31:22,874 [Worker-47] INFO  o.e.m.c.i.embedder.EclipseLogger - Copying 0 resource
2018-05-12 23:31:23,973 [Worker-39] WARN  o.e.m.c.i.embedder.EclipseLogger - Using platform encoding (GBK actually) to copy filtered resources, i.e. build is platform dependent!
2018-05-12 23:31:23,979 [Worker-39] INFO  o.e.m.c.i.embedder.EclipseLogger - Copying 0 resource
2018-05-12 23:31:23,981 [Worker-39] WARN  o.e.m.c.i.embedder.EclipseLogger - Using platform encoding (GBK actually) to copy filtered resources, i.e. build is platform dependent!
2018-05-12 23:31:23,983 [Worker-39] INFO  o.e.m.c.i.embedder.EclipseLogger - Copying 0 resource
2018-05-12 23:33:35,303 [Worker-48] WARN  o.e.m.c.i.embedder.EclipseLogger - Using platform encoding (GBK actually) to copy filtered resources, i.e. build is platform dependent!
2018-05-12 23:33:35,305 [Worker-48] INFO  o.e.m.c.i.embedder.EclipseLogger - Copying 0 resource
2018-05-12 23:33:35,307 [Worker-48] WARN  o.e.m.c.i.embedder.EclipseLogger - Using platform encoding (GBK actually) to copy filtered resources, i.e. build is platform dependent!
2018-05-12 23:33:35,309 [Worker-48] INFO  o.e.m.c.i.embedder.EclipseLogger - Copying 0 resource
2018-05-12 23:34:02,856 [Worker-46] WARN  o.e.m.c.i.embedder.EclipseLogger - Using platform encoding (GBK actually) to copy filtered resources, i.e. build is platform dependent!
2018-05-12 23:34:02,860 [Worker-46] INFO  o.e.m.c.i.embedder.EclipseLogger - Copying 0 resource
2018-05-12 23:34:02,861 [Worker-46] WARN  o.e.m.c.i.embedder.EclipseLogger - Using platform encoding (GBK actually) to copy filtered resources, i.e. build is platform dependent!
2018-05-12 23:34:02,864 [Worker-46] INFO  o.e.m.c.i.embedder.EclipseLogger - Copying 0 resource
2018-05-12 23:34:17,083 [Worker-46] WARN  o.e.m.c.i.embedder.EclipseLogger - Using platform encoding (GBK actually) to copy filtered resources, i.e. build is platform dependent!
2018-05-12 23:34:17,085 [Worker-46] INFO  o.e.m.c.i.embedder.EclipseLogger - Copying 0 resource
2018-05-12 23:34:17,087 [Worker-46] WARN  o.e.m.c.i.embedder.EclipseLogger - Using platform encoding (GBK actually) to copy filtered resources, i.e. build is platform dependent!
2018-05-12 23:34:17,089 [Worker-46] INFO  o.e.m.c.i.embedder.EclipseLogger - Copying 0 resource
2018-05-12 23:34:19,814 [Worker-39] WARN  o.e.m.c.i.embedder.EclipseLogger - Using platform encoding (GBK actually) to copy filtered resources, i.e. build is platform dependent!
2018-05-12 23:34:19,817 [Worker-39] INFO  o.e.m.c.i.embedder.EclipseLogger - Copying 0 resource
2018-05-12 23:34:19,819 [Worker-39] WARN  o.e.m.c.i.embedder.EclipseLogger - Using platform encoding (GBK actually) to copy filtered resources, i.e. build is platform dependent!
2018-05-12 23:34:19,823 [Worker-39] INFO  o.e.m.c.i.embedder.EclipseLogger - Copying 0 resource
2018-05-12 23:34:34,655 [Worker-46] WARN  o.e.m.c.i.embedder.EclipseLogger - Using platform encoding (GBK actually) to copy filtered resources, i.e. build is platform dependent!
2018-05-12 23:34:34,658 [Worker-46] INFO  o.e.m.c.i.embedder.EclipseLogger - Copying 0 resource
2018-05-12 23:34:34,662 [Worker-46] WARN  o.e.m.c.i.embedder.EclipseLogger - Using platform encoding (GBK actually) to copy filtered resources, i.e. build is platform dependent!
2018-05-12 23:34:34,668 [Worker-46] INFO  o.e.m.c.i.embedder.EclipseLogger - Copying 0 resource
2018-05-12 23:34:59,331 [Worker-46] WARN  o.e.m.c.i.embedder.EclipseLogger - Using platform encoding (GBK actually) to copy filtered resources, i.e. build is platform dependent!
2018-05-12 23:34:59,335 [Worker-46] INFO  o.e.m.c.i.embedder.EclipseLogger - Copying 0 resource
2018-05-12 23:34:59,343 [Worker-46] WARN  o.e.m.c.i.embedder.EclipseLogger - Using platform encoding (GBK actually) to copy filtered resources, i.e. build is platform dependent!
2018-05-12 23:34:59,345 [Worker-46] INFO  o.e.m.c.i.embedder.EclipseLogger - Copying 0 resource
2018-05-12 23:35:22,502 [Worker-48] WARN  o.e.m.c.i.embedder.EclipseLogger - Using platform encoding (GBK actually) to copy filtered resources, i.e. build is platform dependent!
2018-05-12 23:35:22,505 [Worker-48] INFO  o.e.m.c.i.embedder.EclipseLogger - Copying 0 resource
2018-05-12 23:35:22,508 [Worker-48] WARN  o.e.m.c.i.embedder.EclipseLogger - Using platform encoding (GBK actually) to copy filtered resources, i.e. build is platform dependent!
2018-05-12 23:35:22,511 [Worker-48] INFO  o.e.m.c.i.embedder.EclipseLogger - Copying 0 resource
2018-05-12 23:35:24,623 [Worker-45] WARN  o.e.m.c.i.embedder.EclipseLogger - Using platform encoding (GBK actually) to copy filtered resources, i.e. build is platform dependent!
2018-05-12 23:35:24,625 [Worker-45] INFO  o.e.m.c.i.embedder.EclipseLogger - Copying 0 resource
2018-05-12 23:35:24,626 [Worker-45] WARN  o.e.m.c.i.embedder.EclipseLogger - Using platform encoding (GBK actually) to copy filtered resources, i.e. build is platform dependent!
2018-05-12 23:35:24,628 [Worker-45] INFO  o.e.m.c.i.embedder.EclipseLogger - Copying 0 resource
2018-05-12 23:35:36,307 [Worker-48] WARN  o.e.m.c.i.embedder.EclipseLogger - Using platform encoding (GBK actually) to copy filtered resources, i.e. build is platform dependent!
2018-05-12 23:35:36,312 [Worker-48] INFO  o.e.m.c.i.embedder.EclipseLogger - Copying 0 resource
2018-05-12 23:35:36,314 [Worker-48] WARN  o.e.m.c.i.embedder.EclipseLogger - Using platform encoding (GBK actually) to copy filtered resources, i.e. build is platform dependent!
2018-05-12 23:35:36,316 [Worker-48] INFO  o.e.m.c.i.embedder.EclipseLogger - Copying 0 resource
2018-05-12 23:36:08,123 [Worker-48] WARN  o.e.m.c.i.embedder.EclipseLogger - Using platform encoding (GBK actually) to copy filtered resources, i.e. build is platform dependent!
2018-05-12 23:36:08,126 [Worker-48] INFO  o.e.m.c.i.embedder.EclipseLogger - Copying 0 resource
2018-05-12 23:36:08,128 [Worker-48] WARN  o.e.m.c.i.embedder.EclipseLogger - Using platform encoding (GBK actually) to copy filtered resources, i.e. build is platform dependent!
2018-05-12 23:36:08,130 [Worker-48] INFO  o.e.m.c.i.embedder.EclipseLogger - Copying 0 resource
2018-05-12 23:36:16,386 [Worker-44] WARN  o.e.m.c.i.embedder.EclipseLogger - Using platform encoding (GBK actually) to copy filtered resources, i.e. build is platform dependent!
2018-05-12 23:36:16,388 [Worker-44] INFO  o.e.m.c.i.embedder.EclipseLogger - Copying 0 resource
2018-05-12 23:36:16,390 [Worker-44] WARN  o.e.m.c.i.embedder.EclipseLogger - Using platform encoding (GBK actually) to copy filtered resources, i.e. build is platform dependent!
2018-05-12 23:36:16,392 [Worker-44] INFO  o.e.m.c.i.embedder.EclipseLogger - Copying 0 resource
2018-05-12 23:36:21,188 [Worker-44] WARN  o.e.m.c.i.embedder.EclipseLogger - Using platform encoding (GBK actually) to copy filtered resources, i.e. build is platform dependent!
2018-05-12 23:36:21,192 [Worker-44] INFO  o.e.m.c.i.embedder.EclipseLogger - Copying 0 resource
2018-05-12 23:36:21,194 [Worker-44] WARN  o.e.m.c.i.embedder.EclipseLogger - Using platform encoding (GBK actually) to copy filtered resources, i.e. build is platform dependent!
2018-05-12 23:36:21,197 [Worker-44] INFO  o.e.m.c.i.embedder.EclipseLogger - Copying 0 resource
2018-05-12 23:38:36,724 [Worker-42] INFO  o.e.m.c.i.l.LifecycleMappingFactory - Using org.maven.ide.eclipse.wtp.WarLifecycleMapping lifecycle mapping for MavenProject: com.dsir:hello:0.0.1-SNAPSHOT @ E:\java\eclipse\MavenDemo\hello\pom.xml.
2018-05-12 23:38:37,489 [Worker-42] WARN  o.e.m.c.i.embedder.EclipseLogger - Using platform encoding (GBK actually) to copy filtered resources, i.e. build is platform dependent!
2018-05-12 23:38:37,493 [Worker-42] INFO  o.e.m.c.i.embedder.EclipseLogger - Copying 0 resource
2018-05-12 23:38:37,495 [Worker-42] WARN  o.e.m.c.i.embedder.EclipseLogger - Using platform encoding (GBK actually) to copy filtered resources, i.e. build is platform dependent!
2018-05-12 23:38:37,497 [Worker-42] INFO  o.e.m.c.i.embedder.EclipseLogger - Copying 0 resource
2018-05-12 23:38:37,498 [Worker-42] INFO  o.e.m.w.i.f.ResourceFilteringBuildParticipant - Changed resources require a complete clean of filtered resources of hello
2018-05-12 23:38:37,499 [Worker-42] INFO  o.e.m.w.i.f.ResourceFilteringBuildParticipant - Executing resource filtering for hello
2018-05-12 23:38:37,507 [Worker-42] WARN  o.e.m.c.i.embedder.EclipseLogger - Using platform encoding (GBK actually) to copy filtered resources, i.e. build is platform dependent!
2018-05-12 23:38:40,034 [Worker-42] INFO  o.e.m.c.i.l.LifecycleMappingFactory - Using org.maven.ide.eclipse.wtp.WarLifecycleMapping lifecycle mapping for MavenProject: com.dsir:hello:0.0.1-SNAPSHOT @ E:\java\eclipse\MavenDemo\hello\pom.xml.
2018-05-12 23:38:40,789 [Worker-42] WARN  o.e.m.c.i.embedder.EclipseLogger - Using platform encoding (GBK actually) to copy filtered resources, i.e. build is platform dependent!
2018-05-12 23:38:40,796 [Worker-42] INFO  o.e.m.c.i.embedder.EclipseLogger - Copying 0 resource
2018-05-12 23:38:40,800 [Worker-42] WARN  o.e.m.c.i.embedder.EclipseLogger - Using platform encoding (GBK actually) to copy filtered resources, i.e. build is platform dependent!
2018-05-12 23:38:40,802 [Worker-42] INFO  o.e.m.c.i.embedder.EclipseLogger - Copying 0 resource
2018-05-12 23:38:40,803 [Worker-42] INFO  o.e.m.w.i.f.ResourceFilteringBuildParticipant - Changed resources require a complete clean of filtered resources of hello
2018-05-12 23:38:40,803 [Worker-42] INFO  o.e.m.w.i.f.ResourceFilteringBuildParticipant - Executing resource filtering for hello
2018-05-12 23:38:40,813 [Worker-42] WARN  o.e.m.c.i.embedder.EclipseLogger - Using platform encoding (GBK actually) to copy filtered resources, i.e. build is platform dependent!
2018-05-12 23:38:41,404 [Worker-47] INFO  o.e.m.c.i.l.LifecycleMappingFactory - Using org.maven.ide.eclipse.wtp.WarLifecycleMapping lifecycle mapping for MavenProject: com.dsir:hello:0.0.1-SNAPSHOT @ E:\java\eclipse\MavenDemo\hello\pom.xml.
2018-05-12 23:38:41,976 [Worker-47] WARN  o.e.m.c.i.embedder.EclipseLogger - Using platform encoding (GBK actually) to copy filtered resources, i.e. build is platform dependent!
2018-05-12 23:38:41,980 [Worker-47] INFO  o.e.m.c.i.embedder.EclipseLogger - Copying 0 resource
2018-05-12 23:38:41,982 [Worker-47] WARN  o.e.m.c.i.embedder.EclipseLogger - Using platform encoding (GBK actually) to copy filtered resources, i.e. build is platform dependent!
2018-05-12 23:38:41,984 [Worker-47] INFO  o.e.m.c.i.embedder.EclipseLogger - Copying 0 resource
2018-05-12 23:38:41,984 [Worker-47] INFO  o.e.m.w.i.f.ResourceFilteringBuildParticipant - Changed resources require a complete clean of filtered resources of hello
2018-05-12 23:38:41,984 [Worker-47] INFO  o.e.m.w.i.f.ResourceFilteringBuildParticipant - Executing resource filtering for hello
2018-05-12 23:38:41,989 [Worker-47] WARN  o.e.m.c.i.embedder.EclipseLogger - Using platform encoding (GBK actually) to copy filtered resources, i.e. build is platform dependent!
2018-05-12 23:38:48,153 [Worker-50] INFO  o.e.m.c.i.l.LifecycleMappingFactory - Using org.maven.ide.eclipse.wtp.WarLifecycleMapping lifecycle mapping for MavenProject: com.dsir:hello:0.0.1-SNAPSHOT @ E:\java\eclipse\MavenDemo\hello\pom.xml.
2018-05-12 23:38:48,656 [Worker-50] WARN  o.e.m.c.i.embedder.EclipseLogger - Using platform encoding (GBK actually) to copy filtered resources, i.e. build is platform dependent!
2018-05-12 23:38:48,660 [Worker-50] INFO  o.e.m.c.i.embedder.EclipseLogger - Copying 0 resource
2018-05-12 23:38:48,662 [Worker-50] WARN  o.e.m.c.i.embedder.EclipseLogger - Using platform encoding (GBK actually) to copy filtered resources, i.e. build is platform dependent!
2018-05-12 23:38:48,665 [Worker-50] INFO  o.e.m.c.i.embedder.EclipseLogger - Copying 0 resource
2018-05-12 23:38:48,665 [Worker-50] INFO  o.e.m.w.i.f.ResourceFilteringBuildParticipant - Changed resources require a complete clean of filtered resources of hello
2018-05-12 23:38:48,666 [Worker-50] INFO  o.e.m.w.i.f.ResourceFilteringBuildParticipant - Executing resource filtering for hello
2018-05-12 23:38:48,671 [Worker-50] WARN  o.e.m.c.i.embedder.EclipseLogger - Using platform encoding (GBK actually) to copy filtered resources, i.e. build is platform dependent!
2018-05-12 23:39:09,991 [Worker-50] ERROR o.e.m2e.editor.pom.MavenPomEditor - failed to load maven project for org.eclipse.ui.part.FileEditorInput(/hello/pom.xml)
org.eclipse.core.runtime.CoreException: Could not read maven project
	at org.eclipse.m2e.core.internal.project.registry.ProjectRegistryManager.readProjectWithDependencies(ProjectRegistryManager.java:804) ~[na:na]
	at org.eclipse.m2e.core.internal.project.registry.ProjectRegistryManager$6.call(ProjectRegistryManager.java:1010) ~[na:na]
	at org.eclipse.m2e.core.internal.project.registry.ProjectRegistryManager$6.call(ProjectRegistryManager.java:1) ~[na:na]
	at com.google.common.cache.LocalCache$LocalManualCache$1.load(LocalCache.java:5065) ~[na:na]
	at com.google.common.cache.LocalCache$LoadingValueReference.loadFuture(LocalCache.java:3716) ~[na:na]
	at com.google.common.cache.LocalCache$Segment.loadSync(LocalCache.java:2424) ~[na:na]
	at com.google.common.cache.LocalCache$Segment.lockedGetOrLoad(LocalCache.java:2298) ~[na:na]
	at com.google.common.cache.LocalCache$Segment.get(LocalCache.java:2211) ~[na:na]
	at com.google.common.cache.LocalCache.get(LocalCache.java:4154) ~[na:na]
	at com.google.common.cache.LocalCache$LocalManualCache.get(LocalCache.java:5060) ~[na:na]
	at org.eclipse.m2e.core.internal.project.registry.ProjectRegistryManager.getMavenProject(ProjectRegistryManager.java:1008) ~[na:na]
	at org.eclipse.m2e.core.internal.project.registry.MavenProjectFacade.getMavenProject(MavenProjectFacade.java:242) ~[na:na]
	at org.eclipse.m2e.core.ui.internal.actions.SelectionUtil.getMavenProject(SelectionUtil.java:261) ~[org.eclipse.m2e.core.ui_1.8.0.20170516-2043.jar:na]
	at org.eclipse.m2e.editor.pom.MavenPomEditor.readMavenProject(MavenPomEditor.java:742) ~[na:na]
	at org.eclipse.m2e.editor.pom.MavenPomEditor$5.run(MavenPomEditor.java:1077) ~[na:na]
	at org.eclipse.core.internal.jobs.Worker.run(Worker.java:56) [org.eclipse.core.jobs_3.9.0.v20170322-0013.jar:na]
2018-05-12 23:39:31,934 [Worker-49] ERROR o.e.m.c.i.p.r.ProjectRegistryManager - Failed to read Maven project: For artifact {org.apache.maven.plugins:null:RELEASE:maven-plugin}: The artifactId cannot be empty.
org.apache.maven.artifact.InvalidArtifactRTException: For artifact {org.apache.maven.plugins:null:RELEASE:maven-plugin}: The artifactId cannot be empty.
	at org.apache.maven.artifact.DefaultArtifact.validateIdentity(DefaultArtifact.java:136) ~[maven-artifact-3.3.9.jar:3.3.9]
	at org.apache.maven.artifact.DefaultArtifact.<init>(DefaultArtifact.java:123) ~[maven-artifact-3.3.9.jar:3.3.9]
	at org.apache.maven.bridge.MavenRepositorySystem.XcreateArtifact(MavenRepositorySystem.java:564) ~[maven-core-3.3.9.jar:3.3.9]
	at org.apache.maven.bridge.MavenRepositorySystem.XcreateArtifact(MavenRepositorySystem.java:524) ~[maven-core-3.3.9.jar:3.3.9]
	at org.apache.maven.bridge.MavenRepositorySystem.XcreatePluginArtifact(MavenRepositorySystem.java:497) ~[maven-core-3.3.9.jar:3.3.9]
	at org.apache.maven.bridge.MavenRepositorySystem.createPluginArtifact(MavenRepositorySystem.java:170) ~[maven-core-3.3.9.jar:3.3.9]
	at org.apache.maven.project.DefaultProjectBuilder.initProject(DefaultProjectBuilder.java:748) ~[maven-core-3.3.9.jar:3.3.9]
	at org.apache.maven.project.DefaultProjectBuilder.build(DefaultProjectBuilder.java:176) ~[maven-core-3.3.9.jar:3.3.9]
	at org.apache.maven.project.DefaultProjectBuilder.build(DefaultProjectBuilder.java:119) ~[maven-core-3.3.9.jar:3.3.9]
	at org.eclipse.m2e.core.internal.embedder.MavenImpl.readMavenProject(MavenImpl.java:636) ~[org.eclipse.m2e.core_1.8.0.20170516-2043.jar:na]
	at org.eclipse.m2e.core.internal.project.registry.ProjectRegistryManager$5.call(ProjectRegistryManager.java:816) ~[org.eclipse.m2e.core_1.8.0.20170516-2043.jar:na]
	at org.eclipse.m2e.core.internal.project.registry.ProjectRegistryManager$5.call(ProjectRegistryManager.java:1) ~[org.eclipse.m2e.core_1.8.0.20170516-2043.jar:na]
	at org.eclipse.m2e.core.internal.embedder.MavenExecutionContext.executeBare(MavenExecutionContext.java:177) ~[org.eclipse.m2e.core_1.8.0.20170516-2043.jar:na]
	at org.eclipse.m2e.core.internal.embedder.MavenExecutionContext.execute(MavenExecutionContext.java:151) ~[org.eclipse.m2e.core_1.8.0.20170516-2043.jar:na]
	at org.eclipse.m2e.core.internal.embedder.MavenExecutionContext.execute(MavenExecutionContext.java:99) ~[org.eclipse.m2e.core_1.8.0.20170516-2043.jar:na]
	at org.eclipse.m2e.core.internal.project.registry.ProjectRegistryManager.execute(ProjectRegistryManager.java:967) ~[org.eclipse.m2e.core_1.8.0.20170516-2043.jar:na]
	at org.eclipse.m2e.core.internal.project.registry.ProjectRegistryManager.readProjectWithDependencies(ProjectRegistryManager.java:811) ~[org.eclipse.m2e.core_1.8.0.20170516-2043.jar:na]
	at org.eclipse.m2e.core.internal.project.registry.ProjectRegistryManager.create(ProjectRegistryManager.java:192) ~[org.eclipse.m2e.core_1.8.0.20170516-2043.jar:na]
	at org.eclipse.m2e.core.internal.project.registry.MavenProjectManager.create(MavenProjectManager.java:80) [org.eclipse.m2e.core_1.8.0.20170516-2043.jar:na]
	at org.eclipse.m2e.core.ui.internal.actions.SelectionUtil.getMavenProject(SelectionUtil.java:259) [org.eclipse.m2e.core.ui_1.8.0.20170516-2043.jar:na]
	at org.eclipse.m2e.editor.pom.MavenPomEditor.readMavenProject(MavenPomEditor.java:742) [org.eclipse.m2e.editor_1.8.0.20170516-2043.jar:na]
	at org.eclipse.m2e.editor.pom.MavenPomEditor$5.run(MavenPomEditor.java:1077) [org.eclipse.m2e.editor_1.8.0.20170516-2043.jar:na]
	at org.eclipse.core.internal.jobs.Worker.run(Worker.java:56) [org.eclipse.core.jobs_3.9.0.v20170322-0013.jar:na]
2018-05-12 23:40:05,020 [Worker-49] INFO  o.e.m.c.i.l.LifecycleMappingFactory - Using org.maven.ide.eclipse.wtp.WarLifecycleMapping lifecycle mapping for MavenProject: com.dsir:hello:0.0.1-SNAPSHOT @ E:\java\eclipse\MavenDemo\hello\pom.xml.
2018-05-12 23:40:05,785 [Worker-49] WARN  o.e.m.c.i.embedder.EclipseLogger - Using platform encoding (GBK actually) to copy filtered resources, i.e. build is platform dependent!
2018-05-12 23:40:05,788 [Worker-49] INFO  o.e.m.c.i.embedder.EclipseLogger - Copying 0 resource
2018-05-12 23:40:05,790 [Worker-49] WARN  o.e.m.c.i.embedder.EclipseLogger - Using platform encoding (GBK actually) to copy filtered resources, i.e. build is platform dependent!
2018-05-12 23:40:05,792 [Worker-49] INFO  o.e.m.c.i.embedder.EclipseLogger - Copying 0 resource
2018-05-12 23:40:05,792 [Worker-49] INFO  o.e.m.w.i.f.ResourceFilteringBuildParticipant - Changed resources require a complete clean of filtered resources of hello
2018-05-12 23:40:05,793 [Worker-49] INFO  o.e.m.w.i.f.ResourceFilteringBuildParticipant - Executing resource filtering for hello
2018-05-12 23:40:05,798 [Worker-49] WARN  o.e.m.c.i.embedder.EclipseLogger - Using platform encoding (GBK actually) to copy filtered resources, i.e. build is platform dependent!
2018-05-12 23:40:08,388 [Worker-51] INFO  o.e.m.c.i.l.LifecycleMappingFactory - Using org.maven.ide.eclipse.wtp.WarLifecycleMapping lifecycle mapping for MavenProject: com.dsir:hello:0.0.1-SNAPSHOT @ E:\java\eclipse\MavenDemo\hello\pom.xml.
2018-05-12 23:40:08,950 [Worker-51] WARN  o.e.m.c.i.embedder.EclipseLogger - Using platform encoding (GBK actually) to copy filtered resources, i.e. build is platform dependent!
2018-05-12 23:40:08,955 [Worker-51] INFO  o.e.m.c.i.embedder.EclipseLogger - Copying 0 resource
2018-05-12 23:40:08,958 [Worker-51] WARN  o.e.m.c.i.embedder.EclipseLogger - Using platform encoding (GBK actually) to copy filtered resources, i.e. build is platform dependent!
2018-05-12 23:40:08,960 [Worker-51] INFO  o.e.m.c.i.embedder.EclipseLogger - Copying 0 resource
2018-05-12 23:40:08,961 [Worker-51] INFO  o.e.m.w.i.f.ResourceFilteringBuildParticipant - Changed resources require a complete clean of filtered resources of hello
2018-05-12 23:40:08,961 [Worker-51] INFO  o.e.m.w.i.f.ResourceFilteringBuildParticipant - Executing resource filtering for hello
2018-05-12 23:40:08,967 [Worker-51] WARN  o.e.m.c.i.embedder.EclipseLogger - Using platform encoding (GBK actually) to copy filtered resources, i.e. build is platform dependent!
2018-05-12 23:40:41,871 [Worker-47] INFO  o.e.m.c.i.l.LifecycleMappingFactory - Using org.maven.ide.eclipse.wtp.WarLifecycleMapping lifecycle mapping for MavenProject: com.dsir:hello:0.0.1-SNAPSHOT @ E:\java\eclipse\MavenDemo\hello\pom.xml.
2018-05-12 23:40:42,480 [Worker-47] WARN  o.e.m.c.i.embedder.EclipseLogger - Using platform encoding (GBK actually) to copy filtered resources, i.e. build is platform dependent!
2018-05-12 23:40:42,485 [Worker-47] INFO  o.e.m.c.i.embedder.EclipseLogger - Copying 0 resource
2018-05-12 23:40:42,486 [Worker-47] WARN  o.e.m.c.i.embedder.EclipseLogger - Using platform encoding (GBK actually) to copy filtered resources, i.e. build is platform dependent!
2018-05-12 23:40:42,488 [Worker-47] INFO  o.e.m.c.i.embedder.EclipseLogger - Copying 0 resource
2018-05-12 23:40:42,488 [Worker-47] INFO  o.e.m.w.i.f.ResourceFilteringBuildParticipant - Changed resources require a complete clean of filtered resources of hello
2018-05-12 23:40:42,489 [Worker-47] INFO  o.e.m.w.i.f.ResourceFilteringBuildParticipant - Executing resource filtering for hello
2018-05-12 23:40:42,492 [Worker-47] WARN  o.e.m.c.i.embedder.EclipseLogger - Using platform encoding (GBK actually) to copy filtered resources, i.e. build is platform dependent!
2018-05-12 23:40:51,430 [Worker-39] INFO  o.e.m.c.i.l.LifecycleMappingFactory - Using org.maven.ide.eclipse.wtp.WarLifecycleMapping lifecycle mapping for MavenProject: com.dsir:hello:0.0.1-SNAPSHOT @ E:\java\eclipse\MavenDemo\hello\pom.xml.
2018-05-12 23:40:52,023 [Worker-39] WARN  o.e.m.c.i.embedder.EclipseLogger - Using platform encoding (GBK actually) to copy filtered resources, i.e. build is platform dependent!
2018-05-12 23:40:52,029 [Worker-39] INFO  o.e.m.c.i.embedder.EclipseLogger - Copying 0 resource
2018-05-12 23:40:52,034 [Worker-39] WARN  o.e.m.c.i.embedder.EclipseLogger - Using platform encoding (GBK actually) to copy filtered resources, i.e. build is platform dependent!
2018-05-12 23:40:52,037 [Worker-39] INFO  o.e.m.c.i.embedder.EclipseLogger - Copying 0 resource
2018-05-12 23:40:52,037 [Worker-39] INFO  o.e.m.w.i.f.ResourceFilteringBuildParticipant - Changed resources require a complete clean of filtered resources of hello
2018-05-12 23:40:52,038 [Worker-39] INFO  o.e.m.w.i.f.ResourceFilteringBuildParticipant - Executing resource filtering for hello
2018-05-12 23:40:52,044 [Worker-39] WARN  o.e.m.c.i.embedder.EclipseLogger - Using platform encoding (GBK actually) to copy filtered resources, i.e. build is platform dependent!
2018-05-12 23:40:57,887 [Worker-50] INFO  o.e.m.c.i.l.LifecycleMappingFactory - Using org.maven.ide.eclipse.wtp.WarLifecycleMapping lifecycle mapping for MavenProject: com.dsir:hello:0.0.1-SNAPSHOT @ E:\java\eclipse\MavenDemo\hello\pom.xml.
2018-05-12 23:40:58,535 [Worker-50] WARN  o.e.m.c.i.embedder.EclipseLogger - Using platform encoding (GBK actually) to copy filtered resources, i.e. build is platform dependent!
2018-05-12 23:40:58,539 [Worker-50] INFO  o.e.m.c.i.embedder.EclipseLogger - Copying 0 resource
2018-05-12 23:40:58,541 [Worker-50] WARN  o.e.m.c.i.embedder.EclipseLogger - Using platform encoding (GBK actually) to copy filtered resources, i.e. build is platform dependent!
2018-05-12 23:40:58,543 [Worker-50] INFO  o.e.m.c.i.embedder.EclipseLogger - Copying 0 resource
2018-05-12 23:40:58,543 [Worker-50] INFO  o.e.m.w.i.f.ResourceFilteringBuildParticipant - Changed resources require a complete clean of filtered resources of hello
2018-05-12 23:40:58,544 [Worker-50] INFO  o.e.m.w.i.f.ResourceFilteringBuildParticipant - Executing resource filtering for hello
2018-05-12 23:40:58,548 [Worker-50] WARN  o.e.m.c.i.embedder.EclipseLogger - Using platform encoding (GBK actually) to copy filtered resources, i.e. build is platform dependent!
2018-05-12 23:43:20,322 [Worker-47] INFO  o.e.m.c.i.p.ProjectConfigurationManager - Update started
2018-05-12 23:43:20,743 [Worker-47] INFO  o.e.m.c.i.l.LifecycleMappingFactory - Using org.maven.ide.eclipse.wtp.WarLifecycleMapping lifecycle mapping for MavenProject: com.dsir:hello:0.0.1-SNAPSHOT @ E:\java\eclipse\MavenDemo\hello\pom.xml.
2018-05-12 23:43:21,495 [Worker-47] INFO  o.e.m.j.i.AbstractJavaProjectConfigurator - Adding source folder /hello/src/main/java
2018-05-12 23:43:21,496 [Worker-47] INFO  o.e.m.j.i.AbstractJavaProjectConfigurator - Adding resource folder /hello/src/main/resources
2018-05-12 23:43:21,538 [Worker-47] INFO  o.e.m.j.i.AbstractJavaProjectConfigurator - Adding source folder /hello/src/test/java
2018-05-12 23:43:21,538 [Worker-47] INFO  o.e.m.j.i.AbstractJavaProjectConfigurator - Adding resource folder /hello/src/test/resources
2018-05-12 23:43:22,078 [Worker-47] INFO  o.e.m.w.i.f.ResourceFilteringBuildParticipant - Cleaning filtered folder for hello
2018-05-12 23:43:22,098 [Worker-47] INFO  o.e.m.c.i.p.ProjectConfigurationManager - Update completed: 1 sec
2018-05-12 23:43:22,421 [Worker-49] WARN  o.e.m.c.i.embedder.EclipseLogger - Using platform encoding (GBK actually) to copy filtered resources, i.e. build is platform dependent!
2018-05-12 23:43:22,425 [Worker-49] INFO  o.e.m.c.i.embedder.EclipseLogger - Copying 0 resource
2018-05-12 23:43:22,427 [Worker-49] WARN  o.e.m.c.i.embedder.EclipseLogger - Using platform encoding (GBK actually) to copy filtered resources, i.e. build is platform dependent!
2018-05-12 23:43:22,430 [Worker-49] INFO  o.e.m.c.i.embedder.EclipseLogger - Copying 0 resource
2018-05-12 23:43:22,431 [Worker-49] INFO  o.e.m.w.i.f.ResourceFilteringBuildParticipant - Changed resources require a complete clean of filtered resources of hello
2018-05-12 23:43:22,431 [Worker-49] INFO  o.e.m.w.i.f.ResourceFilteringBuildParticipant - Executing resource filtering for hello
2018-05-12 23:43:22,437 [Worker-49] WARN  o.e.m.c.i.embedder.EclipseLogger - Using platform encoding (GBK actually) to copy filtered resources, i.e. build is platform dependent!
2018-05-12 23:45:07,452 [Worker-42] WARN  o.e.m.c.i.embedder.EclipseLogger - Using platform encoding (GBK actually) to copy filtered resources, i.e. build is platform dependent!
2018-05-12 23:45:07,478 [Worker-42] INFO  o.e.m.c.i.embedder.EclipseLogger - Copying 0 resource
2018-05-12 23:45:07,480 [Worker-42] WARN  o.e.m.c.i.embedder.EclipseLogger - Using platform encoding (GBK actually) to copy filtered resources, i.e. build is platform dependent!
2018-05-12 23:45:07,494 [Worker-42] INFO  o.e.m.c.i.embedder.EclipseLogger - Copying 0 resource
2018-05-12 23:45:57,173 [Worker-42] WARN  o.e.m.c.i.embedder.EclipseLogger - Using platform encoding (GBK actually) to copy filtered resources, i.e. build is platform dependent!
2018-05-12 23:45:57,175 [Worker-42] INFO  o.e.m.c.i.embedder.EclipseLogger - Copying 0 resource
2018-05-12 23:45:57,176 [Worker-42] WARN  o.e.m.c.i.embedder.EclipseLogger - Using platform encoding (GBK actually) to copy filtered resources, i.e. build is platform dependent!
2018-05-12 23:45:57,178 [Worker-42] INFO  o.e.m.c.i.embedder.EclipseLogger - Copying 0 resource
2018-05-12 23:46:14,677 [Worker-52] WARN  o.e.m.c.i.embedder.EclipseLogger - Using platform encoding (GBK actually) to copy filtered resources, i.e. build is platform dependent!
2018-05-12 23:46:14,681 [Worker-52] INFO  o.e.m.c.i.embedder.EclipseLogger - Copying 0 resource
2018-05-12 23:46:14,683 [Worker-52] WARN  o.e.m.c.i.embedder.EclipseLogger - Using platform encoding (GBK actually) to copy filtered resources, i.e. build is platform dependent!
2018-05-12 23:46:14,686 [Worker-52] INFO  o.e.m.c.i.embedder.EclipseLogger - Copying 0 resource
2018-05-12 23:46:22,921 [Worker-42] WARN  o.e.m.c.i.embedder.EclipseLogger - Using platform encoding (GBK actually) to copy filtered resources, i.e. build is platform dependent!
2018-05-12 23:46:22,925 [Worker-42] INFO  o.e.m.c.i.embedder.EclipseLogger - Copying 0 resource
2018-05-12 23:46:22,926 [Worker-42] WARN  o.e.m.c.i.embedder.EclipseLogger - Using platform encoding (GBK actually) to copy filtered resources, i.e. build is platform dependent!
2018-05-12 23:46:22,928 [Worker-42] INFO  o.e.m.c.i.embedder.EclipseLogger - Copying 0 resource
2018-05-12 23:47:00,390 [Worker-47] WARN  o.e.m.c.i.embedder.EclipseLogger - Using platform encoding (GBK actually) to copy filtered resources, i.e. build is platform dependent!
2018-05-12 23:47:00,393 [Worker-47] INFO  o.e.m.c.i.embedder.EclipseLogger - Copying 0 resource
2018-05-12 23:47:00,394 [Worker-47] WARN  o.e.m.c.i.embedder.EclipseLogger - Using platform encoding (GBK actually) to copy filtered resources, i.e. build is platform dependent!
2018-05-12 23:47:00,397 [Worker-47] INFO  o.e.m.c.i.embedder.EclipseLogger - Copying 0 resource
2018-05-12 23:51:13,602 [Worker-42] WARN  o.e.m.c.i.embedder.EclipseLogger - Using platform encoding (GBK actually) to copy filtered resources, i.e. build is platform dependent!
2018-05-12 23:51:13,605 [Worker-42] INFO  o.e.m.c.i.embedder.EclipseLogger - Copying 0 resource
2018-05-12 23:51:13,607 [Worker-42] WARN  o.e.m.c.i.embedder.EclipseLogger - Using platform encoding (GBK actually) to copy filtered resources, i.e. build is platform dependent!
2018-05-12 23:51:13,609 [Worker-42] INFO  o.e.m.c.i.embedder.EclipseLogger - Copying 0 resource
2018-05-12 23:52:07,155 [Worker-50] INFO  o.e.m.c.i.l.LifecycleMappingFactory - Using org.maven.ide.eclipse.wtp.WarLifecycleMapping lifecycle mapping for MavenProject: com.dsir:hello:0.0.1-SNAPSHOT @ E:\java\eclipse\MavenDemo\hello\pom.xml.
2018-05-12 23:52:07,984 [Worker-50] WARN  o.e.m.c.i.embedder.EclipseLogger - Using platform encoding (GBK actually) to copy filtered resources, i.e. build is platform dependent!
2018-05-12 23:52:07,989 [Worker-50] INFO  o.e.m.c.i.embedder.EclipseLogger - Copying 0 resource
2018-05-12 23:52:07,992 [Worker-50] WARN  o.e.m.c.i.embedder.EclipseLogger - Using platform encoding (GBK actually) to copy filtered resources, i.e. build is platform dependent!
2018-05-12 23:52:08,033 [Worker-50] INFO  o.e.m.c.i.embedder.EclipseLogger - Copying 0 resource
2018-05-12 23:52:08,034 [Worker-50] INFO  o.e.m.w.i.f.ResourceFilteringBuildParticipant - Changed resources require a complete clean of filtered resources of hello
2018-05-12 23:52:08,034 [Worker-50] INFO  o.e.m.w.i.f.ResourceFilteringBuildParticipant - Executing resource filtering for hello
2018-05-12 23:52:08,040 [Worker-50] WARN  o.e.m.c.i.embedder.EclipseLogger - Using platform encoding (GBK actually) to copy filtered resources, i.e. build is platform dependent!
2018-05-12 23:52:09,439 [Worker-42] WARN  o.e.m.c.i.embedder.EclipseLogger - Using platform encoding (GBK actually) to copy filtered resources, i.e. build is platform dependent!
2018-05-12 23:52:09,444 [Worker-42] INFO  o.e.m.c.i.embedder.EclipseLogger - Copying 0 resource
2018-05-12 23:52:09,447 [Worker-42] WARN  o.e.m.c.i.embedder.EclipseLogger - Using platform encoding (GBK actually) to copy filtered resources, i.e. build is platform dependent!
2018-05-12 23:52:09,449 [Worker-42] INFO  o.e.m.c.i.embedder.EclipseLogger - Copying 0 resource
2018-05-12 23:52:55,105 [Worker-39] INFO  o.e.m.c.i.l.LifecycleMappingFactory - Using org.maven.ide.eclipse.wtp.WarLifecycleMapping lifecycle mapping for MavenProject: com.dsir:hello:0.0.1-SNAPSHOT @ E:\java\eclipse\MavenDemo\hello\pom.xml.
2018-05-12 23:52:55,982 [Worker-39] WARN  o.e.m.c.i.embedder.EclipseLogger - Using platform encoding (GBK actually) to copy filtered resources, i.e. build is platform dependent!
2018-05-12 23:52:55,987 [Worker-39] INFO  o.e.m.c.i.embedder.EclipseLogger - Copying 0 resource
2018-05-12 23:52:55,991 [Worker-39] WARN  o.e.m.c.i.embedder.EclipseLogger - Using platform encoding (GBK actually) to copy filtered resources, i.e. build is platform dependent!
2018-05-12 23:52:55,994 [Worker-39] INFO  o.e.m.c.i.embedder.EclipseLogger - Copying 0 resource
2018-05-12 23:52:55,995 [Worker-39] INFO  o.e.m.w.i.f.ResourceFilteringBuildParticipant - Changed resources require a complete clean of filtered resources of hello
2018-05-12 23:52:55,995 [Worker-39] INFO  o.e.m.w.i.f.ResourceFilteringBuildParticipant - Executing resource filtering for hello
2018-05-12 23:52:56,001 [Worker-39] WARN  o.e.m.c.i.embedder.EclipseLogger - Using platform encoding (GBK actually) to copy filtered resources, i.e. build is platform dependent!
2018-05-12 23:52:57,354 [Worker-42] WARN  o.e.m.c.i.embedder.EclipseLogger - Using platform encoding (GBK actually) to copy filtered resources, i.e. build is platform dependent!
2018-05-12 23:52:57,358 [Worker-42] INFO  o.e.m.c.i.embedder.EclipseLogger - Copying 0 resource
2018-05-12 23:52:57,360 [Worker-42] WARN  o.e.m.c.i.embedder.EclipseLogger - Using platform encoding (GBK actually) to copy filtered resources, i.e. build is platform dependent!
2018-05-12 23:52:57,362 [Worker-42] INFO  o.e.m.c.i.embedder.EclipseLogger - Copying 0 resource
2018-05-12 23:53:03,247 [Worker-47] INFO  o.e.m.c.i.l.LifecycleMappingFactory - Using org.maven.ide.eclipse.wtp.WarLifecycleMapping lifecycle mapping for MavenProject: com.dsir:hello:0.0.1-SNAPSHOT @ E:\java\eclipse\MavenDemo\hello\pom.xml.
2018-05-12 23:53:03,891 [Worker-47] WARN  o.e.m.c.i.embedder.EclipseLogger - Using platform encoding (GBK actually) to copy filtered resources, i.e. build is platform dependent!
2018-05-12 23:53:03,895 [Worker-47] INFO  o.e.m.c.i.embedder.EclipseLogger - Copying 0 resource
2018-05-12 23:53:03,897 [Worker-47] WARN  o.e.m.c.i.embedder.EclipseLogger - Using platform encoding (GBK actually) to copy filtered resources, i.e. build is platform dependent!
2018-05-12 23:53:03,899 [Worker-47] INFO  o.e.m.c.i.embedder.EclipseLogger - Copying 0 resource
2018-05-12 23:53:03,900 [Worker-47] INFO  o.e.m.w.i.f.ResourceFilteringBuildParticipant - Changed resources require a complete clean of filtered resources of hello
2018-05-12 23:53:03,900 [Worker-47] INFO  o.e.m.w.i.f.ResourceFilteringBuildParticipant - Executing resource filtering for hello
2018-05-12 23:53:03,906 [Worker-47] WARN  o.e.m.c.i.embedder.EclipseLogger - Using platform encoding (GBK actually) to copy filtered resources, i.e. build is platform dependent!
2018-05-12 23:53:05,185 [Worker-50] WARN  o.e.m.c.i.embedder.EclipseLogger - Using platform encoding (GBK actually) to copy filtered resources, i.e. build is platform dependent!
2018-05-12 23:53:05,190 [Worker-50] INFO  o.e.m.c.i.embedder.EclipseLogger - Copying 0 resource
2018-05-12 23:53:05,192 [Worker-50] WARN  o.e.m.c.i.embedder.EclipseLogger - Using platform encoding (GBK actually) to copy filtered resources, i.e. build is platform dependent!
2018-05-12 23:53:05,194 [Worker-50] INFO  o.e.m.c.i.embedder.EclipseLogger - Copying 0 resource
2018-05-12 23:53:45,469 [Worker-54] INFO  o.e.m.c.i.l.LifecycleMappingFactory - Using org.maven.ide.eclipse.wtp.WarLifecycleMapping lifecycle mapping for MavenProject: com.dsir:hello:0.0.1-SNAPSHOT @ E:\java\eclipse\MavenDemo\hello\pom.xml.
2018-05-12 23:53:46,333 [Worker-54] WARN  o.e.m.c.i.embedder.EclipseLogger - Using platform encoding (GBK actually) to copy filtered resources, i.e. build is platform dependent!
2018-05-12 23:53:46,344 [Worker-54] INFO  o.e.m.c.i.embedder.EclipseLogger - Copying 0 resource
2018-05-12 23:53:46,348 [Worker-54] WARN  o.e.m.c.i.embedder.EclipseLogger - Using platform encoding (GBK actually) to copy filtered resources, i.e. build is platform dependent!
2018-05-12 23:53:46,351 [Worker-54] INFO  o.e.m.c.i.embedder.EclipseLogger - Copying 0 resource
2018-05-12 23:53:46,354 [Worker-54] INFO  o.e.m.w.i.f.ResourceFilteringBuildParticipant - Changed resources require a complete clean of filtered resources of hello
2018-05-12 23:53:46,354 [Worker-54] INFO  o.e.m.w.i.f.ResourceFilteringBuildParticipant - Executing resource filtering for hello
2018-05-12 23:53:46,359 [Worker-54] WARN  o.e.m.c.i.embedder.EclipseLogger - Using platform encoding (GBK actually) to copy filtered resources, i.e. build is platform dependent!
2018-05-12 23:53:49,019 [Worker-54] WARN  o.e.m.c.i.embedder.EclipseLogger - Using platform encoding (GBK actually) to copy filtered resources, i.e. build is platform dependent!
2018-05-12 23:53:49,023 [Worker-54] INFO  o.e.m.c.i.embedder.EclipseLogger - Copying 0 resource
2018-05-12 23:53:49,025 [Worker-54] WARN  o.e.m.c.i.embedder.EclipseLogger - Using platform encoding (GBK actually) to copy filtered resources, i.e. build is platform dependent!
2018-05-12 23:53:49,027 [Worker-54] INFO  o.e.m.c.i.embedder.EclipseLogger - Copying 0 resource
2018-05-12 23:53:58,052 [Worker-47] WARN  o.e.m.c.i.embedder.EclipseLogger - Using platform encoding (GBK actually) to copy filtered resources, i.e. build is platform dependent!
2018-05-12 23:53:58,054 [Worker-47] INFO  o.e.m.c.i.embedder.EclipseLogger - Copying 0 resource
2018-05-12 23:53:58,056 [Worker-47] WARN  o.e.m.c.i.embedder.EclipseLogger - Using platform encoding (GBK actually) to copy filtered resources, i.e. build is platform dependent!
2018-05-12 23:53:58,058 [Worker-47] INFO  o.e.m.c.i.embedder.EclipseLogger - Copying 0 resource
2018-05-12 23:54:00,200 [Worker-53] WARN  o.e.m.c.i.embedder.EclipseLogger - Using platform encoding (GBK actually) to copy filtered resources, i.e. build is platform dependent!
2018-05-12 23:54:00,203 [Worker-53] INFO  o.e.m.c.i.embedder.EclipseLogger - Copying 0 resource
2018-05-12 23:54:00,204 [Worker-53] WARN  o.e.m.c.i.embedder.EclipseLogger - Using platform encoding (GBK actually) to copy filtered resources, i.e. build is platform dependent!
2018-05-12 23:54:00,208 [Worker-53] INFO  o.e.m.c.i.embedder.EclipseLogger - Copying 0 resource
2018-05-13 00:17:23,895 [main] INFO  o.e.m2e.actions.ExecutePomAction - Creating new launch configuration
2018-05-13 00:17:39,547 [Worker-55] INFO  o.e.m.i.launch.MavenLaunchDelegate - E:\java\eclipse\MavenDemo\hello
2018-05-13 00:17:39,548 [Worker-55] INFO  o.e.m.i.launch.MavenLaunchDelegate -  mvn -B -s E:\java\eclipse\javaee\apache-maven-3.3.9\conf\settings.xml tomcat:run
2018-05-13 00:50:20,235 [main] INFO  o.e.m2e.actions.ExecutePomAction - Creating new launch configuration
2018-05-13 00:50:27,695 [Worker-58] INFO  o.e.m.i.launch.MavenLaunchDelegate - E:\java\eclipse\MavenDemo\hello
2018-05-13 00:50:27,695 [Worker-58] INFO  o.e.m.i.launch.MavenLaunchDelegate -  mvn -B -s E:\java\eclipse\javaee\apache-maven-3.3.9\conf\settings.xml tomcat:run
2018-05-13 00:52:06,051 [Worker-58] WARN  o.e.m.c.i.embedder.EclipseLogger - Using platform encoding (GBK actually) to copy filtered resources, i.e. build is platform dependent!
2018-05-13 00:52:06,056 [Worker-58] INFO  o.e.m.c.i.embedder.EclipseLogger - Copying 0 resource
2018-05-13 00:52:06,059 [Worker-58] WARN  o.e.m.c.i.embedder.EclipseLogger - Using platform encoding (GBK actually) to copy filtered resources, i.e. build is platform dependent!
2018-05-13 00:52:06,063 [Worker-58] INFO  o.e.m.c.i.embedder.EclipseLogger - Copying 0 resource
2018-05-13 00:52:31,975 [Worker-47] WARN  o.e.m.c.i.embedder.EclipseLogger - Using platform encoding (GBK actually) to copy filtered resources, i.e. build is platform dependent!
2018-05-13 00:52:31,981 [Worker-47] INFO  o.e.m.c.i.embedder.EclipseLogger - Copying 0 resource
2018-05-13 00:52:31,986 [Worker-47] WARN  o.e.m.c.i.embedder.EclipseLogger - Using platform encoding (GBK actually) to copy filtered resources, i.e. build is platform dependent!
2018-05-13 00:52:31,994 [Worker-47] INFO  o.e.m.c.i.embedder.EclipseLogger - Copying 0 resource
2018-05-13 00:53:43,349 [main] INFO  o.e.m2e.actions.ExecutePomAction - Creating new launch configuration
2018-05-13 00:53:50,321 [Worker-58] INFO  o.e.m.i.launch.MavenLaunchDelegate - E:\java\eclipse\MavenDemo\hello
2018-05-13 00:53:50,321 [Worker-58] INFO  o.e.m.i.launch.MavenLaunchDelegate -  mvn -B -s E:\java\eclipse\javaee\apache-maven-3.3.9\conf\settings.xml tomcat:run
2018-05-13 00:54:21,637 [Worker-61] WARN  o.e.m.c.i.embedder.EclipseLogger - Using platform encoding (GBK actually) to copy filtered resources, i.e. build is platform dependent!
2018-05-13 00:54:21,642 [Worker-61] INFO  o.e.m.c.i.embedder.EclipseLogger - Copying 0 resource
2018-05-13 00:54:21,647 [Worker-61] WARN  o.e.m.c.i.embedder.EclipseLogger - Using platform encoding (GBK actually) to copy filtered resources, i.e. build is platform dependent!
2018-05-13 00:54:21,652 [Worker-61] INFO  o.e.m.c.i.embedder.EclipseLogger - Copying 0 resource
2018-05-13 00:54:44,352 [main] INFO  o.e.m2e.actions.ExecutePomAction - Creating new launch configuration
2018-05-13 00:54:51,154 [main] INFO  o.e.m2e.actions.ExecutePomAction - Creating new launch configuration
2018-05-13 00:54:58,933 [Worker-60] INFO  o.e.m.i.launch.MavenLaunchDelegate - E:\java\eclipse\MavenDemo\hello
2018-05-13 00:54:58,934 [Worker-60] INFO  o.e.m.i.launch.MavenLaunchDelegate -  mvn -B -s E:\java\eclipse\javaee\apache-maven-3.3.9\conf\settings.xml tomcat:run
2018-05-13 00:55:16,967 [Worker-47] WARN  o.e.m.c.i.embedder.EclipseLogger - Using platform encoding (GBK actually) to copy filtered resources, i.e. build is platform dependent!
2018-05-13 00:55:16,973 [Worker-47] INFO  o.e.m.c.i.embedder.EclipseLogger - Copying 0 resource
2018-05-13 00:55:16,977 [Worker-47] WARN  o.e.m.c.i.embedder.EclipseLogger - Using platform encoding (GBK actually) to copy filtered resources, i.e. build is platform dependent!
2018-05-13 00:55:16,981 [Worker-47] INFO  o.e.m.c.i.embedder.EclipseLogger - Copying 0 resource
2018-05-13 00:56:14,270 [main] INFO  o.e.m2e.actions.ExecutePomAction - Creating new launch configuration
2018-05-13 00:56:19,401 [Worker-60] INFO  o.e.m.i.launch.MavenLaunchDelegate - E:\java\eclipse\MavenDemo\hello
2018-05-13 00:56:19,401 [Worker-60] INFO  o.e.m.i.launch.MavenLaunchDelegate -  mvn -B -s E:\java\eclipse\javaee\apache-maven-3.3.9\conf\settings.xml tomcat:run
2018-05-13 00:57:12,220 [Worker-60] WARN  o.e.m.c.i.embedder.EclipseLogger - Using platform encoding (GBK actually) to copy filtered resources, i.e. build is platform dependent!
2018-05-13 00:57:12,226 [Worker-60] INFO  o.e.m.c.i.embedder.EclipseLogger - Copying 0 resource
2018-05-13 00:57:12,230 [Worker-60] WARN  o.e.m.c.i.embedder.EclipseLogger - Using platform encoding (GBK actually) to copy filtered resources, i.e. build is platform dependent!
2018-05-13 00:57:12,263 [Worker-60] INFO  o.e.m.c.i.embedder.EclipseLogger - Copying 0 resource
2018-05-13 00:57:32,194 [Worker-55] INFO  o.e.m.i.launch.MavenLaunchDelegate - E:\java\eclipse\MavenDemo\hello
2018-05-13 00:57:32,194 [Worker-55] INFO  o.e.m.i.launch.MavenLaunchDelegate -  mvn -B -s E:\java\eclipse\javaee\apache-maven-3.3.9\conf\settings.xml clean
2018-05-13 00:57:35,607 [Worker-59] WARN  o.e.m.c.i.embedder.EclipseLogger - Using platform encoding (GBK actually) to copy filtered resources, i.e. build is platform dependent!
2018-05-13 00:57:35,612 [Worker-59] INFO  o.e.m.c.i.embedder.EclipseLogger - Copying 0 resource
2018-05-13 00:57:35,613 [Worker-59] WARN  o.e.m.c.i.embedder.EclipseLogger - Using platform encoding (GBK actually) to copy filtered resources, i.e. build is platform dependent!
2018-05-13 00:57:35,615 [Worker-59] INFO  o.e.m.c.i.embedder.EclipseLogger - Copying 0 resource
2018-05-13 00:57:35,616 [Worker-59] INFO  o.e.m.w.i.f.ResourceFilteringBuildParticipant - Changed resources require a complete clean of filtered resources of hello
2018-05-13 00:57:35,616 [Worker-59] INFO  o.e.m.w.i.f.ResourceFilteringBuildParticipant - Executing resource filtering for hello
2018-05-13 00:57:35,622 [Worker-59] WARN  o.e.m.c.i.embedder.EclipseLogger - Using platform encoding (GBK actually) to copy filtered resources, i.e. build is platform dependent!
2018-05-13 00:58:18,066 [main] INFO  o.e.m2e.actions.ExecutePomAction - Creating new launch configuration
2018-05-13 00:58:23,976 [Worker-60] INFO  o.e.m.i.launch.MavenLaunchDelegate - E:\java\eclipse\MavenDemo\hello
2018-05-13 00:58:23,976 [Worker-60] INFO  o.e.m.i.launch.MavenLaunchDelegate -  mvn -B -s E:\java\eclipse\javaee\apache-maven-3.3.9\conf\settings.xml tomcat:run
2018-05-13 01:00:13,454 [Worker-61] WARN  o.e.m.c.i.embedder.EclipseLogger - Using platform encoding (GBK actually) to copy filtered resources, i.e. build is platform dependent!
2018-05-13 01:00:13,456 [Worker-61] INFO  o.e.m.c.i.embedder.EclipseLogger - Copying 0 resource
2018-05-13 01:00:13,458 [Worker-61] WARN  o.e.m.c.i.embedder.EclipseLogger - Using platform encoding (GBK actually) to copy filtered resources, i.e. build is platform dependent!
2018-05-13 01:00:13,460 [Worker-61] INFO  o.e.m.c.i.embedder.EclipseLogger - Copying 0 resource
2018-05-13 01:01:25,224 [main] INFO  o.e.m2e.actions.ExecutePomAction - Creating new launch configuration
2018-05-13 07:51:52,738 [Worker-115] WARN  o.e.m.c.i.embedder.EclipseLogger - Using platform encoding (GBK actually) to copy filtered resources, i.e. build is platform dependent!
2018-05-13 07:51:52,740 [Worker-115] INFO  o.e.m.c.i.embedder.EclipseLogger - Copying 0 resource
2018-05-13 07:51:52,743 [Worker-115] WARN  o.e.m.c.i.embedder.EclipseLogger - Using platform encoding (GBK actually) to copy filtered resources, i.e. build is platform dependent!
2018-05-13 07:51:52,747 [Worker-115] INFO  o.e.m.c.i.embedder.EclipseLogger - Copying 0 resource
2018-05-13 07:52:04,612 [Worker-115] WARN  o.e.m.c.i.embedder.EclipseLogger - Using platform encoding (GBK actually) to copy filtered resources, i.e. build is platform dependent!
2018-05-13 07:52:04,615 [Worker-115] INFO  o.e.m.c.i.embedder.EclipseLogger - Copying 0 resource
2018-05-13 07:52:04,617 [Worker-115] WARN  o.e.m.c.i.embedder.EclipseLogger - Using platform encoding (GBK actually) to copy filtered resources, i.e. build is platform dependent!
2018-05-13 07:52:04,619 [Worker-115] INFO  o.e.m.c.i.embedder.EclipseLogger - Copying 0 resource
2018-05-13 07:52:27,544 [Worker-117] WARN  o.e.m.c.i.embedder.EclipseLogger - Using platform encoding (GBK actually) to copy filtered resources, i.e. build is platform dependent!
2018-05-13 07:52:27,549 [Worker-117] INFO  o.e.m.c.i.embedder.EclipseLogger - Copying 0 resource
2018-05-13 07:52:27,551 [Worker-117] WARN  o.e.m.c.i.embedder.EclipseLogger - Using platform encoding (GBK actually) to copy filtered resources, i.e. build is platform dependent!
2018-05-13 07:52:27,555 [Worker-117] INFO  o.e.m.c.i.embedder.EclipseLogger - Copying 0 resource
2018-05-13 07:53:36,196 [Worker-117] WARN  o.e.m.c.i.embedder.EclipseLogger - Using platform encoding (GBK actually) to copy filtered resources, i.e. build is platform dependent!
2018-05-13 07:53:36,198 [Worker-117] INFO  o.e.m.c.i.embedder.EclipseLogger - Copying 0 resource
2018-05-13 07:53:36,231 [Worker-117] WARN  o.e.m.c.i.embedder.EclipseLogger - Using platform encoding (GBK actually) to copy filtered resources, i.e. build is platform dependent!
2018-05-13 07:53:36,234 [Worker-117] INFO  o.e.m.c.i.embedder.EclipseLogger - Copying 0 resource
2018-05-13 07:53:59,897 [Worker-118] WARN  o.e.m.c.i.embedder.EclipseLogger - Using platform encoding (GBK actually) to copy filtered resources, i.e. build is platform dependent!
2018-05-13 07:53:59,903 [Worker-118] INFO  o.e.m.c.i.embedder.EclipseLogger - Copying 0 resource
2018-05-13 07:53:59,905 [Worker-118] WARN  o.e.m.c.i.embedder.EclipseLogger - Using platform encoding (GBK actually) to copy filtered resources, i.e. build is platform dependent!
2018-05-13 07:53:59,910 [Worker-118] INFO  o.e.m.c.i.embedder.EclipseLogger - Copying 0 resource
2018-05-13 07:54:04,738 [Worker-116] WARN  o.e.m.c.i.embedder.EclipseLogger - Using platform encoding (GBK actually) to copy filtered resources, i.e. build is platform dependent!
2018-05-13 07:54:04,740 [Worker-116] INFO  o.e.m.c.i.embedder.EclipseLogger - Copying 0 resource
2018-05-13 07:54:04,745 [Worker-116] WARN  o.e.m.c.i.embedder.EclipseLogger - Using platform encoding (GBK actually) to copy filtered resources, i.e. build is platform dependent!
2018-05-13 07:54:04,747 [Worker-116] INFO  o.e.m.c.i.embedder.EclipseLogger - Copying 0 resource
2018-05-13 07:54:05,806 [Worker-119] WARN  o.e.m.c.i.embedder.EclipseLogger - Using platform encoding (GBK actually) to copy filtered resources, i.e. build is platform dependent!
2018-05-13 07:54:05,808 [Worker-119] INFO  o.e.m.c.i.embedder.EclipseLogger - Copying 0 resource
2018-05-13 07:54:05,810 [Worker-119] WARN  o.e.m.c.i.embedder.EclipseLogger - Using platform encoding (GBK actually) to copy filtered resources, i.e. build is platform dependent!
2018-05-13 07:54:05,812 [Worker-119] INFO  o.e.m.c.i.embedder.EclipseLogger - Copying 0 resource
2018-05-13 07:54:07,494 [Worker-110] WARN  o.e.m.c.i.embedder.EclipseLogger - Using platform encoding (GBK actually) to copy filtered resources, i.e. build is platform dependent!
2018-05-13 07:54:07,497 [Worker-110] INFO  o.e.m.c.i.embedder.EclipseLogger - Copying 0 resource
2018-05-13 07:54:07,498 [Worker-110] WARN  o.e.m.c.i.embedder.EclipseLogger - Using platform encoding (GBK actually) to copy filtered resources, i.e. build is platform dependent!
2018-05-13 07:54:07,500 [Worker-110] INFO  o.e.m.c.i.embedder.EclipseLogger - Copying 0 resource
2018-05-13 08:00:21,019 [Worker-119] INFO  o.e.m.c.i.i.nexus.NexusIndexManager - Updated local repository index
2018-05-13 08:01:13,796 [Worker-119] INFO  o.e.m.c.i.l.LifecycleMappingFactory - Using org.maven.ide.eclipse.wtp.WarLifecycleMapping lifecycle mapping for MavenProject: com.dsir:hello:0.0.1-SNAPSHOT @ E:\java\eclipse\MavenDemo\hello\pom.xml.
2018-05-13 08:01:16,175 [Worker-119] INFO  o.e.m.c.i.e.AbstractTransferListenerAdapter - Downloading https://repo.maven.apache.org/maven2/commons-logging/commons-logging/1.0.4/commons-logging-1.0.4.jar
2018-05-13 08:01:16,813 [Worker-119] INFO  o.e.m.c.i.e.AbstractTransferListenerAdapter - Downloaded https://repo.maven.apache.org/maven2/commons-logging/commons-logging/1.0.4/commons-logging-1.0.4.jar
2018-05-13 08:01:17,953 [Worker-119] WARN  o.e.m.c.i.embedder.EclipseLogger - Using platform encoding (GBK actually) to copy filtered resources, i.e. build is platform dependent!
2018-05-13 08:01:17,958 [Worker-119] INFO  o.e.m.c.i.embedder.EclipseLogger - Copying 0 resource
2018-05-13 08:01:17,961 [Worker-119] WARN  o.e.m.c.i.embedder.EclipseLogger - Using platform encoding (GBK actually) to copy filtered resources, i.e. build is platform dependent!
2018-05-13 08:01:17,963 [Worker-119] INFO  o.e.m.c.i.embedder.EclipseLogger - Copying 0 resource
2018-05-13 08:01:17,964 [Worker-119] INFO  o.e.m.w.i.f.ResourceFilteringBuildParticipant - Changed resources require a complete clean of filtered resources of hello
2018-05-13 08:01:17,964 [Worker-119] INFO  o.e.m.w.i.f.ResourceFilteringBuildParticipant - Executing resource filtering for hello
2018-05-13 08:01:17,968 [Worker-119] WARN  o.e.m.c.i.embedder.EclipseLogger - Using platform encoding (GBK actually) to copy filtered resources, i.e. build is platform dependent!
2018-05-13 08:01:19,668 [Worker-120] WARN  o.e.m.c.i.embedder.EclipseLogger - Using platform encoding (GBK actually) to copy filtered resources, i.e. build is platform dependent!
2018-05-13 08:01:19,674 [Worker-120] INFO  o.e.m.c.i.embedder.EclipseLogger - Copying 0 resource
2018-05-13 08:01:19,712 [Worker-120] WARN  o.e.m.c.i.embedder.EclipseLogger - Using platform encoding (GBK actually) to copy filtered resources, i.e. build is platform dependent!
2018-05-13 08:01:19,714 [Worker-120] INFO  o.e.m.c.i.embedder.EclipseLogger - Copying 0 resource
2018-05-13 08:05:30,313 [Worker-119] INFO  o.e.m.c.i.l.LifecycleMappingFactory - Using org.maven.ide.eclipse.wtp.WarLifecycleMapping lifecycle mapping for MavenProject: com.dsir:hello:0.0.1-SNAPSHOT @ E:\java\eclipse\MavenDemo\hello\pom.xml.
2018-05-13 08:05:31,355 [Worker-119] WARN  o.e.m.c.i.embedder.EclipseLogger - Using platform encoding (GBK actually) to copy filtered resources, i.e. build is platform dependent!
2018-05-13 08:05:31,367 [Worker-119] INFO  o.e.m.c.i.embedder.EclipseLogger - Copying 0 resource
2018-05-13 08:05:31,370 [Worker-119] WARN  o.e.m.c.i.embedder.EclipseLogger - Using platform encoding (GBK actually) to copy filtered resources, i.e. build is platform dependent!
2018-05-13 08:05:31,372 [Worker-119] INFO  o.e.m.c.i.embedder.EclipseLogger - Copying 0 resource
2018-05-13 08:05:31,372 [Worker-119] INFO  o.e.m.w.i.f.ResourceFilteringBuildParticipant - Changed resources require a complete clean of filtered resources of hello
2018-05-13 08:05:31,373 [Worker-119] INFO  o.e.m.w.i.f.ResourceFilteringBuildParticipant - Executing resource filtering for hello
2018-05-13 08:05:31,379 [Worker-119] WARN  o.e.m.c.i.embedder.EclipseLogger - Using platform encoding (GBK actually) to copy filtered resources, i.e. build is platform dependent!
2018-05-13 08:05:32,789 [Worker-116] WARN  o.e.m.c.i.embedder.EclipseLogger - Using platform encoding (GBK actually) to copy filtered resources, i.e. build is platform dependent!
2018-05-13 08:05:32,793 [Worker-116] INFO  o.e.m.c.i.embedder.EclipseLogger - Copying 0 resource
2018-05-13 08:05:32,795 [Worker-116] WARN  o.e.m.c.i.embedder.EclipseLogger - Using platform encoding (GBK actually) to copy filtered resources, i.e. build is platform dependent!
2018-05-13 08:05:32,797 [Worker-116] INFO  o.e.m.c.i.embedder.EclipseLogger - Copying 0 resource
2018-05-13 08:05:49,195 [Worker-116] INFO  o.e.m.c.i.l.LifecycleMappingFactory - Using org.maven.ide.eclipse.wtp.WarLifecycleMapping lifecycle mapping for MavenProject: com.dsir:hello:0.0.1-SNAPSHOT @ E:\java\eclipse\MavenDemo\hello\pom.xml.
2018-05-13 08:05:50,030 [Worker-116] WARN  o.e.m.c.i.embedder.EclipseLogger - Using platform encoding (GBK actually) to copy filtered resources, i.e. build is platform dependent!
2018-05-13 08:05:50,034 [Worker-116] INFO  o.e.m.c.i.embedder.EclipseLogger - Copying 0 resource
2018-05-13 08:05:50,036 [Worker-116] WARN  o.e.m.c.i.embedder.EclipseLogger - Using platform encoding (GBK actually) to copy filtered resources, i.e. build is platform dependent!
2018-05-13 08:05:50,038 [Worker-116] INFO  o.e.m.c.i.embedder.EclipseLogger - Copying 0 resource
2018-05-13 08:05:50,039 [Worker-116] INFO  o.e.m.w.i.f.ResourceFilteringBuildParticipant - Changed resources require a complete clean of filtered resources of hello
2018-05-13 08:05:50,039 [Worker-116] INFO  o.e.m.w.i.f.ResourceFilteringBuildParticipant - Executing resource filtering for hello
2018-05-13 08:05:50,044 [Worker-116] WARN  o.e.m.c.i.embedder.EclipseLogger - Using platform encoding (GBK actually) to copy filtered resources, i.e. build is platform dependent!
2018-05-13 08:05:51,747 [Worker-120] WARN  o.e.m.c.i.embedder.EclipseLogger - Using platform encoding (GBK actually) to copy filtered resources, i.e. build is platform dependent!
2018-05-13 08:05:51,768 [Worker-120] INFO  o.e.m.c.i.embedder.EclipseLogger - Copying 0 resource
2018-05-13 08:05:51,770 [Worker-120] WARN  o.e.m.c.i.embedder.EclipseLogger - Using platform encoding (GBK actually) to copy filtered resources, i.e. build is platform dependent!
2018-05-13 08:05:51,773 [Worker-120] INFO  o.e.m.c.i.embedder.EclipseLogger - Copying 0 resource
